[1;32m2016-08-16 20:48:29.777 ./erova_loader.py INFO     {'status': False, 'username': 'erova', 'transmit_directory': '/data/REMIT/transmit/', 'isWhite': True, 'timeout': 0.2, 'passwd': 'er0va123', 'knownAssets': ['COTPS-1', 'COTPS-2', 'DNGB21', 'DNGB22', 'DRAXX-1', 'DRAXX-2', 'DRAXX-3', 'DRAXX-4', 'DRAXX-5', 'DRAXX-6', 'E_DIDC3G', 'E_DIDC4G', 'E_GYAR-1', 'E_TAYL3G', 'HEYM11', 'HEYM28', 'HINB-7', 'HINB-8', 'HRTL-1', 'HRTL-2', 'HUNB-7', 'HUNB-8', 'SIZB-1', 'TORN-1', 'TORN-2', 'T_ABTH7', 'T_ABTH8', 'T_ABTH9', 'T_CNQPS-1', 'T_CNQPS-2', 'T_CNQPS-3', 'T_CNQPS-4', 'T_DIDCB5', 'T_DIDCB6', 'T_FARR-1', 'T_FARR-2', 'T_GRAI-6', 'T_GRAI-7', 'T_GRAI-8', 'T_LBAR-1', 'T_PEMB-21', 'T_PEMB-31', 'T_PEMB-41', 'T_PEMB-51', 'T_STAY-1', 'T_STAY-2', 'T_STAY-3', 'T_STAY-4', 'WBUPS-1', 'WBUPS-2', 'WBURB-1', 'WBURB-2', 'WBURB-3'], 'whitelist': ['FREQ', 'SOSO'], 'sql': 'mysql', 'db': 'localhost', 'isBlack': False, 'blacklist': [], 'cleanup': True, 'launchtime': '2016-08-16 20:48:29', 'root_directory': '/data/REMIT', 'archive_directory': '/data/REMIT/archive/'}[0m
[1;32m2016-08-16 20:48:29.778 ./erova_loader.py INFO     20160816_065758.xml[0m
/home/erova/runway/elexon_push_data.py:53: FutureWarning: The behavior of this method will change in future versions.  Use specific 'len(elem)' or 'elem is not None' test instead.
  if element:
[1;32m2016-08-16 20:48:29.779 ./erova_loader.py INFO     {'msg': {'row': {'TS': '2016-08-16 06:57:45:GMT', 'SF': '50.076'}, 'subject': 'BMRA.SYSTEM.FREQ'}, 'flow': 'FREQ', 'pubTs': '2016-08-16 06:58:12:GMT'}[0m
[1;32m2016-08-16 20:48:29.779 ./erova_loader.py INFO     Loading flow message[0m
[1;32m2016-08-16 20:48:29.779 ./erova_loader.py INFO     insert ignore into frequency values ( " 2016-08-16 06:57:45 " , 50.076000 ) [0m
[1;32m2016-08-16 20:48:29.784 ./erova_loader.py INFO     Archiving /data/REMIT/transmit/20160816_065758.xml[0m
[1;32m2016-08-16 20:48:29.985 ./erova_loader.py INFO     20160816_065810.xml[0m
[1;32m2016-08-16 20:48:29.989 ./erova_loader.py INFO     {'{urn:iec62325.351:tc57wg16:451-6:generationloaddocument:3:0}receiver_MarketParticipant.mRID': {'codingScheme': 'A01'}, '{urn:iec62325.351:tc57wg16:451-6:generationloaddocument:3:0}sender_MarketParticipant.marketRole.type': 'A39', '{urn:iec62325.351:tc57wg16:451-6:generationloaddocument:3:0}time_Period.timeInterval': {'{urn:iec62325.351:tc57wg16:451-6:generationloaddocument:3:0}end': '2016-08-16T06:00Z', '{urn:iec62325.351:tc57wg16:451-6:generationloaddocument:3:0}start': '2016-08-16T05:30Z'}, '{urn:iec62325.351:tc57wg16:451-6:generationloaddocument:3:0}type': 'A75', '{urn:iec62325.351:tc57wg16:451-6:generationloaddocument:3:0}revisionNumber': '1', '{urn:iec62325.351:tc57wg16:451-6:generationloaddocument:3:0}TimeSeries': {'{urn:iec62325.351:tc57wg16:451-6:generationloaddocument:3:0}curveType': 'A01', '{urn:iec62325.351:tc57wg16:451-6:generationloaddocument:3:0}mRID': 'NGET-EMFIP-AGPT-TS-00299210', '{urn:iec62325.351:tc57wg16:451-6:generationloaddocument:3:0}businessType': 'A01', '{urn:iec62325.351:tc57wg16:451-6:generationloaddocument:3:0}Period': {'{urn:iec62325.351:tc57wg16:451-6:generationloaddocument:3:0}resolution': 'PT30M', '{urn:iec62325.351:tc57wg16:451-6:generationloaddocument:3:0}Point': {'{urn:iec62325.351:tc57wg16:451-6:generationloaddocument:3:0}quantity': '0', '{urn:iec62325.351:tc57wg16:451-6:generationloaddocument:3:0}position': '1'}, '{urn:iec62325.351:tc57wg16:451-6:generationloaddocument:3:0}timeInterval': {'{urn:iec62325.351:tc57wg16:451-6:generationloaddocument:3:0}end': '2016-08-16T06:00Z', '{urn:iec62325.351:tc57wg16:451-6:generationloaddocument:3:0}start': '2016-08-16T05:30Z'}}, '{urn:iec62325.351:tc57wg16:451-6:generationloaddocument:3:0}quantity_Measure_Unit.name': 'MAW', '{urn:iec62325.351:tc57wg16:451-6:generationloaddocument:3:0}objectAggregation': 'A08', '{urn:iec62325.351:tc57wg16:451-6:generationloaddocument:3:0}inBiddingZone_Domain.mRID': {'codingScheme': 'A01'}, '{urn:iec62325.351:tc57wg16:451-6:generationloaddocument:3:0}MktPSRType': {'{urn:iec62325.351:tc57wg16:451-6:generationloaddocument:3:0}psrType': 'B10'}}, '{urn:iec62325.351:tc57wg16:451-6:generationloaddocument:3:0}mRID': 'NGET-EMFIP-AGPT-00071687', '{urn:iec62325.351:tc57wg16:451-6:generationloaddocument:3:0}createdDateTime': '2016-08-16T07:58:11Z', '{urn:iec62325.351:tc57wg16:451-6:generationloaddocument:3:0}process.processType': 'A16', '{urn:iec62325.351:tc57wg16:451-6:generationloaddocument:3:0}sender_MarketParticipant.mRID': {'codingScheme': 'A01'}, '{urn:iec62325.351:tc57wg16:451-6:generationloaddocument:3:0}receiver_MarketParticipant.marketRole.type': 'A32'}[0m
[1;32m2016-08-16 20:48:29.989 ./erova_loader.py INFO     Archiving /data/REMIT/transmit/20160816_065810.xml[0m
[1;32m2016-08-16 20:48:30.190 ./erova_loader.py INFO     20160816_065949.xml[0m
[1;32m2016-08-16 20:48:30.191 ./erova_loader.py INFO     {'msg': {'row': {'TS': '2016-08-16 06:59:45:GMT', 'SF': '50.022'}, 'subject': 'BMRA.SYSTEM.FREQ'}, 'flow': 'FREQ', 'pubTs': '2016-08-16 07:00:03:GMT'}[0m
[1;32m2016-08-16 20:48:30.191 ./erova_loader.py INFO     Loading flow message[0m
[1;32m2016-08-16 20:48:30.191 ./erova_loader.py INFO     insert ignore into frequency values ( " 2016-08-16 06:59:45 " , 50.022000 ) [0m
[1;32m2016-08-16 20:48:30.195 ./erova_loader.py INFO     Archiving /data/REMIT/transmit/20160816_065949.xml[0m
[1;32m2016-08-16 20:48:30.396 ./erova_loader.py INFO     20160816_065959.xml[0m
[1;32m2016-08-16 20:48:30.397 ./erova_loader.py INFO     {'InsideInformation': {'AffectedUnitEIC': '48W00000PEMB-21Q', 'AssetType': 'Production', 'AffectedUnit': 'PEMB-21', 'DurationUncertainty': None, 'RelatedInformation': 'Event CLOSED', 'AssetId': 'T_PEMB-21', 'EventType': 'PLANNEDOUTAGE', 'NormalCapacity': '465', 'AvailableCapacity': '425', 'EventStatus': 'CLOSED', 'EventStart': '2016-08-05T21:36:53Z', 'EventEnd': '2016-08-16T06:59:36Z', 'Cause': 'Other', 'FuelType': 'CCGT', 'Participant_MarketParticipantID': 'INNOGY01', 'MessageHeading': 'Planned Unavailability of Generation Unit'}, 'mRID': '11XINNOGY------2-NGET-RMT-00018429', 'Version': '1.0', 'Receiver_MarketParticipantID': '10X1001A1001A59Q', 'Sender_MarketParticipantRole': 'A01', 'DocumentType': 'REMIT_document', 'CreatedDateTime': '2016-08-16T06:59:44Z', 'Receiver_MarketParticipantRole': 'A32', 'Sender_MarketParticipantID': '11XINNOGY------2', 'revisionNumber': '15'}[0m
[1;32m2016-08-16 20:48:30.397 ./erova_loader.py INFO     Loading REMIT message[0m
[1;32m2016-08-16 20:48:30.397 ./erova_loader.py INFO     Archiving /data/REMIT/transmit/20160816_065959.xml[0m
[1;32m2016-08-16 20:48:30.598 ./erova_loader.py INFO     20160816_070021.xml[0m
[1;32m2016-08-16 20:48:30.600 ./erova_loader.py INFO     {'msg': {'row': {'FG': '797', 'SP': '16', 'FT': 'WIND', 'TS': '2016-08-16 06:55:00:GMT', 'SD': '2016-08-16 00:00:00:GMT'}, 'TP': '2016-08-16 07:00:00:GMT', 'subject': 'BMRA.SYSTEM.FUELINST'}, 'flow': 'FUELINST', 'pubTs': '2016-08-16 07:00:35:GMT'}[0m
[1;32m2016-08-16 20:48:30.600 ./erova_loader.py INFO     Archiving /data/REMIT/transmit/20160816_070021.xml[0m
[1;32m2016-08-16 20:48:30.802 ./erova_loader.py INFO     20160816_070030.xml[0m
[1;32m2016-08-16 20:48:30.802 ./erova_loader.py INFO     {'msg': {'row': {'NB': '0', 'SP': '16', 'SD': '2016-08-16 00:00:00:GMT'}, 'TP': '2016-08-16 07:00:00:GMT', 'subject': 'BMRA.SYSTEM.NONBM'}, 'flow': 'NONBM', 'pubTs': '2016-08-16 07:00:44:GMT'}[0m
[1;32m2016-08-16 20:48:30.802 ./erova_loader.py INFO     Archiving /data/REMIT/transmit/20160816_070030.xml[0m
[1;32m2016-08-16 20:48:31.003 ./erova_loader.py INFO     20160816_070033.xml[0m
[1;32m2016-08-16 20:48:31.005 ./erova_loader.py INFO     {'msg': {'row': {'FG': '769', 'SP': '16', 'FT': 'WIND', 'SD': '2016-08-16 00:00:00:GMT'}, 'TP': '2016-08-16 07:00:00:GMT', 'subject': 'BMRA.SYSTEM.FUELHH'}, 'flow': 'FUELHH', 'pubTs': '2016-08-16 07:00:47:GMT'}[0m
[1;32m2016-08-16 20:48:31.005 ./erova_loader.py INFO     Archiving /data/REMIT/transmit/20160816_070033.xml[0m
[1;32m2016-08-16 20:48:31.206 ./erova_loader.py INFO     20160816_070120.xml[0m
[1;32m2016-08-16 20:48:31.588 ./erova_loader.py INFO     {'msg': {'row': {'VB': '0.000', 'TS': '2016-08-16 08:30:00:GMT'}, 'BP': '0.00000', 'NN': '1', 'NP': '2', 'SP': '19', 'subject': 'BMRA.BM.2__MYELG000.BOD.1', 'OP': '0.00000', 'SD': '2016-08-16 00:00:00:GMT'}, 'flow': 'BOD', 'pubTs': '2016-08-16 07:01:31:GMT'}[0m
[1;32m2016-08-16 20:48:31.589 ./erova_loader.py INFO     Archiving /data/REMIT/transmit/20160816_070120.xml[0m
[1;32m2016-08-16 20:48:31.790 ./erova_loader.py INFO     20160816_070126.xml[0m
[1;32m2016-08-16 20:48:31.948 ./erova_loader.py INFO     {'msg': {'SP': '19', 'NP': '2', 'SD': '2016-08-16 00:00:00', 'subject': 'BMRA.BM.E_ASLVW-1.QPN', 'row': {'VP': '0.000', 'TS': '2016-08-16 08:30:00:GMT'}}, 'flow': 'QPN', 'pubTs': '2016-08-16 07:01:37'}[0m
[1;32m2016-08-16 20:48:31.948 ./erova_loader.py INFO     Archiving /data/REMIT/transmit/20160816_070126.xml[0m
[1;32m2016-08-16 20:48:32.150 ./erova_loader.py INFO     20160816_070127.xml[0m
[1;32m2016-08-16 20:48:32.336 ./erova_loader.py INFO     {'msg': {'SP': '19', 'NP': '2', 'SD': '2016-08-16 00:00:00:GMT', 'subject': 'BMRA.BM.E_ASLVW-1.FPN', 'row': {'VP': '0.000', 'TS': '2016-08-16 08:30:00:GMT'}}, 'flow': 'PN', 'pubTs': '2016-08-16 07:01:38:GMT'}[0m
[1;32m2016-08-16 20:48:32.336 ./erova_loader.py INFO     Archiving /data/REMIT/transmit/20160816_070127.xml[0m
[1;32m2016-08-16 20:48:32.537 ./erova_loader.py INFO     20160816_070151.xml[0m
[1;32m2016-08-16 20:48:32.538 ./erova_loader.py INFO     {'msg': {'row': {'TS': '2016-08-16 07:01:45:GMT', 'SF': '50.065'}, 'subject': 'BMRA.SYSTEM.FREQ'}, 'flow': 'FREQ', 'pubTs': '2016-08-16 07:02:05:GMT'}[0m
[1;32m2016-08-16 20:48:32.538 ./erova_loader.py INFO     Loading flow message[0m
[1;32m2016-08-16 20:48:32.538 ./erova_loader.py INFO     insert ignore into frequency values ( " 2016-08-16 07:01:45 " , 50.065000 ) [0m
[1;32m2016-08-16 20:48:32.543 ./erova_loader.py INFO     Archiving /data/REMIT/transmit/20160816_070151.xml[0m
[1;32m2016-08-16 20:48:32.744 ./erova_loader.py INFO     20160816_070401.xml[0m
[1;32m2016-08-16 20:48:32.745 ./erova_loader.py INFO     {'msg': {'row': {'TS': '2016-08-16 07:03:45:GMT', 'SF': '50.019'}, 'subject': 'BMRA.SYSTEM.FREQ'}, 'flow': 'FREQ', 'pubTs': '2016-08-16 07:04:15:GMT'}[0m
[1;32m2016-08-16 20:48:32.745 ./erova_loader.py INFO     Loading flow message[0m
[1;32m2016-08-16 20:48:32.745 ./erova_loader.py INFO     insert ignore into frequency values ( " 2016-08-16 07:03:45 " , 50.019000 ) [0m
[1;32m2016-08-16 20:48:32.748 ./erova_loader.py INFO     Archiving /data/REMIT/transmit/20160816_070401.xml[0m
[1;32m2016-08-16 20:48:32.950 ./erova_loader.py INFO     20160816_070423.xml[0m
[1;32m2016-08-16 20:48:32.951 ./erova_loader.py INFO     {'{urn:iec62325.351:tc57wg16:451-6:outagedocument:3:0}type': 'A77', '{urn:iec62325.351:tc57wg16:451-6:outagedocument:3:0}createdDateTime': '2016-08-16T07:01:29Z', '{urn:iec62325.351:tc57wg16:451-6:outagedocument:3:0}sender_MarketParticipant.mRID': {'codingScheme': 'A01'}, '{urn:iec62325.351:tc57wg16:451-6:outagedocument:3:0}sender_MarketParticipant.marketRole.type': 'A39', '{urn:iec62325.351:tc57wg16:451-6:outagedocument:3:0}revisionNumber': '1', '{urn:iec62325.351:tc57wg16:451-6:outagedocument:3:0}Reason': {'{urn:iec62325.351:tc57wg16:451-6:outagedocument:3:0}code': 'B18'}, '{urn:iec62325.351:tc57wg16:451-6:outagedocument:3:0}mRID': '11XINNOGY------2-NGET-AAPU-00025325', '{urn:iec62325.351:tc57wg16:451-6:outagedocument:3:0}unavailability_Time_Period.timeInterval': {'{urn:iec62325.351:tc57wg16:451-6:outagedocument:3:0}start': '2016-08-15T23:00Z', '{urn:iec62325.351:tc57wg16:451-6:outagedocument:3:0}end': '2016-08-16T05:29Z'}, '{urn:iec62325.351:tc57wg16:451-6:outagedocument:3:0}receiver_MarketParticipant.mRID': {'codingScheme': 'A01'}, '{urn:iec62325.351:tc57wg16:451-6:outagedocument:3:0}process.processType': 'A26', '{urn:iec62325.351:tc57wg16:451-6:outagedocument:3:0}receiver_MarketParticipant.marketRole.type': 'A32', '{urn:iec62325.351:tc57wg16:451-6:outagedocument:3:0}TimeSeries': {'{urn:iec62325.351:tc57wg16:451-6:outagedocument:3:0}end_DateAndOrTime.time': '05:29:00Z', '{urn:iec62325.351:tc57wg16:451-6:outagedocument:3:0}curveType': 'A03', '{urn:iec62325.351:tc57wg16:451-6:outagedocument:3:0}biddingZone_Domain.mRID': {'codingScheme': 'A01'}, '{urn:iec62325.351:tc57wg16:451-6:outagedocument:3:0}mRID': 'MP-NGET-AAPU-TS-00025325', '{urn:iec62325.351:tc57wg16:451-6:outagedocument:3:0}Available_Period': {'{urn:iec62325.351:tc57wg16:451-6:outagedocument:3:0}Point': {'{urn:iec62325.351:tc57wg16:451-6:outagedocument:3:0}quantity': '1735', '{urn:iec62325.351:tc57wg16:451-6:outagedocument:3:0}position': '1'}, '{urn:iec62325.351:tc57wg16:451-6:outagedocument:3:0}timeInterval': {'{urn:iec62325.351:tc57wg16:451-6:outagedocument:3:0}start': '2016-08-15T23:00Z', '{urn:iec62325.351:tc57wg16:451-6:outagedocument:3:0}end': '2016-08-16T05:29Z'}, '{urn:iec62325.351:tc57wg16:451-6:outagedocument:3:0}resolution': 'PT1M'}, '{urn:iec62325.351:tc57wg16:451-6:outagedocument:3:0}businessType': 'A54', '{urn:iec62325.351:tc57wg16:451-6:outagedocument:3:0}start_DateAndOrTime.date': '2016-08-15', '{urn:iec62325.351:tc57wg16:451-6:outagedocument:3:0}start_DateAndOrTime.time': '23:00:00Z', '{urn:iec62325.351:tc57wg16:451-6:outagedocument:3:0}production_RegisteredResource.mRID': {'codingScheme': 'A01'}, '{urn:iec62325.351:tc57wg16:451-6:outagedocument:3:0}quantity_Measure_Unit.name': 'MAW', '{urn:iec62325.351:tc57wg16:451-6:outagedocument:3:0}end_DateAndOrTime.date': '2016-08-16'}}[0m
[1;32m2016-08-16 20:48:32.951 ./erova_loader.py INFO     Archiving /data/REMIT/transmit/20160816_070423.xml[0m
[1;32m2016-08-16 20:48:33.152 ./erova_loader.py INFO     20160816_070512.xml[0m
[1;32m2016-08-16 20:48:33.154 ./erova_loader.py INFO     {'msg': {'row': {'FG': '792', 'SP': '17', 'FT': 'WIND', 'TS': '2016-08-16 07:00:00:GMT', 'SD': '2016-08-16 00:00:00:GMT'}, 'TP': '2016-08-16 07:05:00:GMT', 'subject': 'BMRA.SYSTEM.FUELINST'}, 'flow': 'FUELINST', 'pubTs': '2016-08-16 07:05:25:GMT'}[0m
[1;32m2016-08-16 20:48:33.154 ./erova_loader.py INFO     Archiving /data/REMIT/transmit/20160816_070512.xml[0m
[1;32m2016-08-16 20:48:33.355 ./erova_loader.py INFO     20160816_070602.xml[0m
[1;32m2016-08-16 20:48:33.356 ./erova_loader.py INFO     {'msg': {'row': {'TS': '2016-08-16 07:05:45:GMT', 'SF': '50.001'}, 'subject': 'BMRA.SYSTEM.FREQ'}, 'flow': 'FREQ', 'pubTs': '2016-08-16 07:06:16:GMT'}[0m
[1;32m2016-08-16 20:48:33.356 ./erova_loader.py INFO     Loading flow message[0m
[1;32m2016-08-16 20:48:33.356 ./erova_loader.py INFO     insert ignore into frequency values ( " 2016-08-16 07:05:45 " , 50.001000 ) [0m
[1;32m2016-08-16 20:48:33.360 ./erova_loader.py INFO     Archiving /data/REMIT/transmit/20160816_070602.xml[0m
[1;32m2016-08-16 20:48:33.562 ./erova_loader.py INFO     20160816_070802.xml[0m
[1;32m2016-08-16 20:48:33.563 ./erova_loader.py INFO     {'msg': {'row': {'TS': '2016-08-16 07:07:45:GMT', 'SF': '49.964'}, 'subject': 'BMRA.SYSTEM.FREQ'}, 'flow': 'FREQ', 'pubTs': '2016-08-16 07:08:16:GMT'}[0m
[1;32m2016-08-16 20:48:33.563 ./erova_loader.py INFO     Loading flow message[0m
[1;32m2016-08-16 20:48:33.563 ./erova_loader.py INFO     insert ignore into frequency values ( " 2016-08-16 07:07:45 " , 49.964000 ) [0m
[1;32m2016-08-16 20:48:33.567 ./erova_loader.py INFO     Archiving /data/REMIT/transmit/20160816_070802.xml[0m
[1;32m2016-08-16 20:48:33.768 ./erova_loader.py INFO     20160816_070933.xml[0m
[1;32m2016-08-16 20:48:33.768 ./erova_loader.py INFO     {'msg': {'row': {'A3': '0.00', 'A6': '0.00', 'A11': '0.0000', 'A10': '0.0000', 'A7': '0.00000', 'A12': '0.0000', 'A9': '0.00000', 'A8': '0.0000', 'SP': '19', 'SD': '2016-08-16 00:00:00:GMT'}, 'subject': 'BMRA.SYSTEM.NETBSAD'}, 'flow': 'NETBSAD', 'pubTs': '2016-08-16 07:09:47:GMT'}[0m
[1;32m2016-08-16 20:48:33.768 ./erova_loader.py INFO     Archiving /data/REMIT/transmit/20160816_070933.xml[0m
[1;32m2016-08-16 20:48:33.970 ./erova_loader.py INFO     20160816_071002.xml[0m
[1;32m2016-08-16 20:48:33.971 ./erova_loader.py INFO     {'msg': {'row': {'TS': '2016-08-16 07:09:45:GMT', 'SF': '49.939'}, 'subject': 'BMRA.SYSTEM.FREQ'}, 'flow': 'FREQ', 'pubTs': '2016-08-16 07:10:16:GMT'}[0m
[1;32m2016-08-16 20:48:33.971 ./erova_loader.py INFO     Loading flow message[0m
[1;32m2016-08-16 20:48:33.971 ./erova_loader.py INFO     insert ignore into frequency values ( " 2016-08-16 07:09:45 " , 49.939000 ) [0m
[1;32m2016-08-16 20:48:33.975 ./erova_loader.py INFO     Archiving /data/REMIT/transmit/20160816_071002.xml[0m
[1;32m2016-08-16 20:48:34.176 ./erova_loader.py INFO     20160816_071013.xml[0m
[1;32m2016-08-16 20:48:34.177 ./erova_loader.py INFO     {'{urn:iec62325.351:tc57wg16:451-6:generationloaddocument:3:0}receiver_MarketParticipant.mRID': {'codingScheme': 'A01'}, '{urn:iec62325.351:tc57wg16:451-6:generationloaddocument:3:0}sender_MarketParticipant.marketRole.type': 'A39', '{urn:iec62325.351:tc57wg16:451-6:generationloaddocument:3:0}time_Period.timeInterval': {'{urn:iec62325.351:tc57wg16:451-6:generationloaddocument:3:0}end': '2016-08-16T07:00Z', '{urn:iec62325.351:tc57wg16:451-6:generationloaddocument:3:0}start': '2016-08-16T06:30Z'}, '{urn:iec62325.351:tc57wg16:451-6:generationloaddocument:3:0}type': 'A65', '{urn:iec62325.351:tc57wg16:451-6:generationloaddocument:3:0}revisionNumber': '1', '{urn:iec62325.351:tc57wg16:451-6:generationloaddocument:3:0}TimeSeries': {'{urn:iec62325.351:tc57wg16:451-6:generationloaddocument:3:0}curveType': 'A01', '{urn:iec62325.351:tc57wg16:451-6:generationloaddocument:3:0}mRID': 'NGET-EMFIP-ATL-TS-00056394', '{urn:iec62325.351:tc57wg16:451-6:generationloaddocument:3:0}businessType': 'A04', '{urn:iec62325.351:tc57wg16:451-6:generationloaddocument:3:0}Period': {'{urn:iec62325.351:tc57wg16:451-6:generationloaddocument:3:0}resolution': 'PT30M', '{urn:iec62325.351:tc57wg16:451-6:generationloaddocument:3:0}Point': {'{urn:iec62325.351:tc57wg16:451-6:generationloaddocument:3:0}quantity': '35703', '{urn:iec62325.351:tc57wg16:451-6:generationloaddocument:3:0}position': '1'}, '{urn:iec62325.351:tc57wg16:451-6:generationloaddocument:3:0}timeInterval': {'{urn:iec62325.351:tc57wg16:451-6:generationloaddocument:3:0}end': '2016-08-16T07:00Z', '{urn:iec62325.351:tc57wg16:451-6:generationloaddocument:3:0}start': '2016-08-16T06:30Z'}}, '{urn:iec62325.351:tc57wg16:451-6:generationloaddocument:3:0}quantity_Measure_Unit.name': 'MAW', '{urn:iec62325.351:tc57wg16:451-6:generationloaddocument:3:0}objectAggregation': 'A01', '{urn:iec62325.351:tc57wg16:451-6:generationloaddocument:3:0}outBiddingZone_Domain.mRID': {'codingScheme': 'A01'}}, '{urn:iec62325.351:tc57wg16:451-6:generationloaddocument:3:0}mRID': 'NGET-EMFIP-ATL-00052464', '{urn:iec62325.351:tc57wg16:451-6:generationloaddocument:3:0}createdDateTime': '2016-08-16T08:10:11Z', '{urn:iec62325.351:tc57wg16:451-6:generationloaddocument:3:0}process.processType': 'A16', '{urn:iec62325.351:tc57wg16:451-6:generationloaddocument:3:0}sender_MarketParticipant.mRID': {'codingScheme': 'A01'}, '{urn:iec62325.351:tc57wg16:451-6:generationloaddocument:3:0}receiver_MarketParticipant.marketRole.type': 'A32'}[0m
[1;32m2016-08-16 20:48:34.177 ./erova_loader.py INFO     Archiving /data/REMIT/transmit/20160816_071013.xml[0m
[1;32m2016-08-16 20:48:34.378 ./erova_loader.py INFO     20160816_071032.xml[0m
[1;32m2016-08-16 20:48:34.382 ./erova_loader.py INFO     {'{urn:iec62325.351:tc57wg16:451-6:balancingdocument:3:0}process.processType': 'A16', '{urn:iec62325.351:tc57wg16:451-6:balancingdocument:3:0}mRID': 'NGET-EMFIP-PABE-00032341', '{urn:iec62325.351:tc57wg16:451-6:balancingdocument:3:0}createdDateTime': '2016-08-16T08:10:23Z', '{urn:iec62325.351:tc57wg16:451-6:balancingdocument:3:0}sender_MarketParticipant.mRID': {'codingScheme': 'A01'}, '{urn:iec62325.351:tc57wg16:451-6:balancingdocument:3:0}receiver_MarketParticipant.marketRole.type': 'A32', '{urn:iec62325.351:tc57wg16:451-6:balancingdocument:3:0}type': 'A84', '{urn:iec62325.351:tc57wg16:451-6:balancingdocument:3:0}TimeSeries': {'{urn:iec62325.351:tc57wg16:451-6:balancingdocument:3:0}mRID': 'NGET-EMFIP-PABE-TS-00251338', '{urn:iec62325.351:tc57wg16:451-6:balancingdocument:3:0}mktPSRType.psrType': 'A04', '{urn:iec62325.351:tc57wg16:451-6:balancingdocument:3:0}Period': {'{urn:iec62325.351:tc57wg16:451-6:balancingdocument:3:0}resolution': 'PT30M', '{urn:iec62325.351:tc57wg16:451-6:balancingdocument:3:0}timeInterval': {'{urn:iec62325.351:tc57wg16:451-6:balancingdocument:3:0}start': '2016-08-16T06:30Z', '{urn:iec62325.351:tc57wg16:451-6:balancingdocument:3:0}end': '2016-08-16T07:00Z'}, '{urn:iec62325.351:tc57wg16:451-6:balancingdocument:3:0}Point': {'{urn:iec62325.351:tc57wg16:451-6:balancingdocument:3:0}position': '1', '{urn:iec62325.351:tc57wg16:451-6:balancingdocument:3:0}activation_Price.amount': '0'}}, '{urn:iec62325.351:tc57wg16:451-6:balancingdocument:3:0}flowDirection.direction': 'A01', '{urn:iec62325.351:tc57wg16:451-6:balancingdocument:3:0}businessType': 'A98', '{urn:iec62325.351:tc57wg16:451-6:balancingdocument:3:0}currency_Unit.name': 'GBP', '{urn:iec62325.351:tc57wg16:451-6:balancingdocument:3:0}curveType': 'A01', '{urn:iec62325.351:tc57wg16:451-6:balancingdocument:3:0}price_Measure_Unit.name': 'MWH'}, '{urn:iec62325.351:tc57wg16:451-6:balancingdocument:3:0}period.timeInterval': {'{urn:iec62325.351:tc57wg16:451-6:balancingdocument:3:0}start': '2016-08-16T06:30Z', '{urn:iec62325.351:tc57wg16:451-6:balancingdocument:3:0}end': '2016-08-16T07:00Z'}, '{urn:iec62325.351:tc57wg16:451-6:balancingdocument:3:0}sender_MarketParticipant.marketRole.type': 'A39', '{urn:iec62325.351:tc57wg16:451-6:balancingdocument:3:0}controlArea_Domain.mRID': {'codingScheme': 'A01'}, '{urn:iec62325.351:tc57wg16:451-6:balancingdocument:3:0}receiver_MarketParticipant.mRID': {'codingScheme': 'A01'}, '{urn:iec62325.351:tc57wg16:451-6:balancingdocument:3:0}docStatus': {'{urn:iec62325.351:tc57wg16:451-6:balancingdocument:3:0}value': 'A02'}, '{urn:iec62325.351:tc57wg16:451-6:balancingdocument:3:0}revisionNumber': '1'}[0m
[1;32m2016-08-16 20:48:34.382 ./erova_loader.py INFO     Archiving /data/REMIT/transmit/20160816_071032.xml[0m
[1;32m2016-08-16 20:48:34.583 ./erova_loader.py INFO     20160816_071033.xml[0m
[1;32m2016-08-16 20:48:34.586 ./erova_loader.py INFO     {'msg': {'row': {'PT': '289.900', 'TD': 'A01', 'IC': 'NG_20160816_0900_32', 'ST': '2016-08-16 09:00:00:GMT', 'TT': 'EWIC_NG', 'TQ': '25'}, 'subject': 'BMRA.SYSTEM.SOSO'}, 'flow': 'SOSO', 'pubTs': '2016-08-16 07:10:47:GMT'}[0m
[1;32m2016-08-16 20:48:34.587 ./erova_loader.py INFO     Loading flow message[0m
[1;32m2016-08-16 20:48:34.587 ./erova_loader.py INFO     insert ignore into SOSO values ( "2016-08-16 07:10:47" , 289.900000,"A01", "NG_20160816_0900_32" , "2016-08-16 09:00:00" , "EWIC_NG", 25 ) [0m
[1;32m2016-08-16 20:48:34.591 ./erova_loader.py INFO     Archiving /data/REMIT/transmit/20160816_071033.xml[0m
[1;32m2016-08-16 20:48:34.792 ./erova_loader.py INFO     20160816_071044.xml[0m
[1;32m2016-08-16 20:48:34.794 ./erova_loader.py INFO     {'msg': {'row': {'PT': '132.410', 'TD': 'A01', 'IC': 'NG_20160816_0900_16', 'ST': '2016-08-16 09:00:00:GMT', 'TT': 'MOYLE_NG', 'TQ': '25'}, 'subject': 'BMRA.SYSTEM.SOSO'}, 'flow': 'SOSO', 'pubTs': '2016-08-16 07:10:58:GMT'}[0m
[1;32m2016-08-16 20:48:34.794 ./erova_loader.py INFO     Loading flow message[0m
[1;32m2016-08-16 20:48:34.794 ./erova_loader.py INFO     insert ignore into SOSO values ( "2016-08-16 07:10:58" , 132.410000,"A01", "NG_20160816_0900_16" , "2016-08-16 09:00:00" , "MOYLE_NG", 25 ) [0m
[1;32m2016-08-16 20:48:34.798 ./erova_loader.py INFO     Archiving /data/REMIT/transmit/20160816_071044.xml[0m
[1;32m2016-08-16 20:48:34.999 ./erova_loader.py INFO     20160816_071055.xml[0m
[1;32m2016-08-16 20:48:35.003 ./erova_loader.py INFO     {'msg': {'row': {'PT': '27.440', 'TD': 'A02', 'IC': 'NG_20160816_0800_9', 'ST': '2016-08-16 08:00:00:GMT', 'TT': 'BALIT_NG', 'TQ': '50'}, 'subject': 'BMRA.SYSTEM.SOSO'}, 'flow': 'SOSO', 'pubTs': '2016-08-16 07:11:08:GMT'}[0m
[1;32m2016-08-16 20:48:35.003 ./erova_loader.py INFO     Loading flow message[0m
[1;32m2016-08-16 20:48:35.003 ./erova_loader.py INFO     insert ignore into SOSO values ( "2016-08-16 07:11:08" , 27.440000,"A02", "NG_20160816_0800_9" , "2016-08-16 08:00:00" , "BALIT_NG", 50 ) [0m
[1;32m2016-08-16 20:48:35.007 ./erova_loader.py INFO     Archiving /data/REMIT/transmit/20160816_071055.xml[0m
[1;32m2016-08-16 20:48:35.208 ./erova_loader.py INFO     20160816_071154.xml[0m
[1;32m2016-08-16 20:48:35.209 ./erova_loader.py INFO     {'msg': {'row': {'TS': '2016-08-16 07:11:45:GMT', 'SF': '49.943'}, 'subject': 'BMRA.SYSTEM.FREQ'}, 'flow': 'FREQ', 'pubTs': '2016-08-16 07:12:08:GMT'}[0m
[1;32m2016-08-16 20:48:35.209 ./erova_loader.py INFO     Loading flow message[0m
[1;32m2016-08-16 20:48:35.209 ./erova_loader.py INFO     insert ignore into frequency values ( " 2016-08-16 07:11:45 " , 49.943000 ) [0m
[1;32m2016-08-16 20:48:35.213 ./erova_loader.py INFO     Archiving /data/REMIT/transmit/20160816_071154.xml[0m
[1;32m2016-08-16 20:48:35.414 ./erova_loader.py INFO     20160816_071405.xml[0m
[1;32m2016-08-16 20:48:35.415 ./erova_loader.py INFO     {'msg': {'row': {'TS': '2016-08-16 07:13:45:GMT', 'SF': '49.903'}, 'subject': 'BMRA.SYSTEM.FREQ'}, 'flow': 'FREQ', 'pubTs': '2016-08-16 07:14:19:GMT'}[0m
[1;32m2016-08-16 20:48:35.415 ./erova_loader.py INFO     Loading flow message[0m
[1;32m2016-08-16 20:48:35.415 ./erova_loader.py INFO     insert ignore into frequency values ( " 2016-08-16 07:13:45 " , 49.903000 ) [0m
[1;32m2016-08-16 20:48:35.419 ./erova_loader.py INFO     Archiving /data/REMIT/transmit/20160816_071405.xml[0m
[1;32m2016-08-16 20:48:35.620 ./erova_loader.py INFO     20160816_071515.xml[0m
[1;32m2016-08-16 20:48:35.622 ./erova_loader.py INFO     {'msg': {'row': {'FG': '774', 'SP': '17', 'FT': 'WIND', 'TS': '2016-08-16 07:10:00:GMT', 'SD': '2016-08-16 00:00:00:GMT'}, 'TP': '2016-08-16 07:15:00:GMT', 'subject': 'BMRA.SYSTEM.FUELINST'}, 'flow': 'FUELINST', 'pubTs': '2016-08-16 07:15:29:GMT'}[0m
[1;32m2016-08-16 20:48:35.622 ./erova_loader.py INFO     Archiving /data/REMIT/transmit/20160816_071515.xml[0m
[1;32m2016-08-16 20:48:35.823 ./erova_loader.py INFO     20160816_071545.xml[0m
[1;32m2016-08-16 20:48:35.827 ./erova_loader.py INFO     {'msg': {'NR': '58', 'row': {'SP': '10', 'VD': '20812.000', 'TP': '2016-08-16 07:15:00:GMT', 'SD': '2016-08-17 00:00:00:GMT'}, 'ZI': 'N', 'subject': 'BMRA.SYSTEM.NDF.N'}, 'flow': 'NDF', 'pubTs': '2016-08-16 07:15:59:GMT'}[0m
[1;32m2016-08-16 20:48:35.827 ./erova_loader.py INFO     Archiving /data/REMIT/transmit/20160816_071545.xml[0m
[1;32m2016-08-16 20:48:36.028 ./erova_loader.py INFO     20160816_071602.xml[0m
[1;32m2016-08-16 20:48:36.104 ./erova_loader.py INFO     {'msg': {'NR': '58', 'row': {'SP': '10', 'VD': '1044.000', 'TP': '2016-08-16 07:15:00:GMT', 'SD': '2016-08-17 00:00:00:GMT'}, 'ZI': 'B5', 'subject': 'BMRA.SYSTEM.TSDF.B5'}, 'flow': 'TSDF', 'pubTs': '2016-08-16 07:16:15:GMT'}[0m
[1;32m2016-08-16 20:48:36.104 ./erova_loader.py INFO     Archiving /data/REMIT/transmit/20160816_071602.xml[0m
[1;32m2016-08-16 20:48:36.305 ./erova_loader.py INFO     20160816_071605.xml[0m
[1;32m2016-08-16 20:48:36.306 ./erova_loader.py INFO     {'msg': {'row': {'TS': '2016-08-16 07:15:45:GMT', 'SF': '49.946'}, 'subject': 'BMRA.SYSTEM.FREQ'}, 'flow': 'FREQ', 'pubTs': '2016-08-16 07:16:19:GMT'}[0m
[1;32m2016-08-16 20:48:36.306 ./erova_loader.py INFO     Loading flow message[0m
[1;32m2016-08-16 20:48:36.306 ./erova_loader.py INFO     insert ignore into frequency values ( " 2016-08-16 07:15:45 " , 49.946000 ) [0m
[1;32m2016-08-16 20:48:36.312 ./erova_loader.py INFO     Archiving /data/REMIT/transmit/20160816_071605.xml[0m
[1;32m2016-08-16 20:48:36.513 ./erova_loader.py INFO     20160816_071658.xml[0m
[1;32m2016-08-16 20:48:36.589 ./erova_loader.py INFO     {'msg': {'NR': '58', 'row': {'VG': '281.000', 'SP': '10', 'TP': '2016-08-16 07:15:00:GMT', 'SD': '2016-08-17 00:00:00:GMT'}, 'ZI': 'B1', 'subject': 'BMRA.SYSTEM.INDGEN.B1'}, 'flow': 'INDGEN', 'pubTs': '2016-08-16 07:17:11:GMT'}[0m
[1;32m2016-08-16 20:48:36.589 ./erova_loader.py INFO     Archiving /data/REMIT/transmit/20160816_071658.xml[0m
[1;32m2016-08-16 20:48:36.790 ./erova_loader.py INFO     20160816_071705.xml[0m
[1;32m2016-08-16 20:48:36.866 ./erova_loader.py INFO     {'msg': {'NR': '58', 'row': {'VI': '89.000', 'SP': '10', 'TP': '2016-08-16 07:15:00:GMT', 'SD': '2016-08-17 00:00:00:GMT'}, 'ZI': 'B1', 'subject': 'BMRA.SYSTEM.IMBALNGC.B1'}, 'flow': 'IMBALNGC', 'pubTs': '2016-08-16 07:17:18:GMT'}[0m
[1;32m2016-08-16 20:48:36.867 ./erova_loader.py INFO     Archiving /data/REMIT/transmit/20160816_071705.xml[0m
[1;32m2016-08-16 20:48:37.068 ./erova_loader.py INFO     20160816_071756.xml[0m
[1;32m2016-08-16 20:48:37.069 ./erova_loader.py INFO     {'msg': {'row': {'TS': '2016-08-16 07:17:45:GMT', 'SF': '49.966'}, 'subject': 'BMRA.SYSTEM.FREQ'}, 'flow': 'FREQ', 'pubTs': '2016-08-16 07:18:10:GMT'}[0m
[1;32m2016-08-16 20:48:37.069 ./erova_loader.py INFO     Loading flow message[0m
[1;32m2016-08-16 20:48:37.069 ./erova_loader.py INFO     insert ignore into frequency values ( " 2016-08-16 07:17:45 " , 49.966000 ) [0m
[1;32m2016-08-16 20:48:37.074 ./erova_loader.py INFO     Archiving /data/REMIT/transmit/20160816_071756.xml[0m
[1;32m2016-08-16 20:48:37.275 ./erova_loader.py INFO     20160816_071814.xml[0m
[1;32m2016-08-16 20:48:37.369 ./erova_loader.py INFO     {'msg': {'NR': '58', 'row': {'SP': '10', 'VD': '-279.000', 'TP': '2016-08-16 07:15:00:GMT', 'SD': '2016-08-17 00:00:00:GMT'}, 'ZI': 'B4', 'subject': 'BMRA.SYSTEM.INDDEM.B4'}, 'flow': 'INDDEM', 'pubTs': '2016-08-16 07:18:28:GMT'}[0m
[1;32m2016-08-16 20:48:37.370 ./erova_loader.py INFO     Archiving /data/REMIT/transmit/20160816_071814.xml[0m
[1;32m2016-08-16 20:48:37.571 ./erova_loader.py INFO     20160816_071957.xml[0m
[1;32m2016-08-16 20:48:37.572 ./erova_loader.py INFO     {'msg': {'row': {'TS': '2016-08-16 07:19:45:GMT', 'SF': '49.976'}, 'subject': 'BMRA.SYSTEM.FREQ'}, 'flow': 'FREQ', 'pubTs': '2016-08-16 07:20:11:GMT'}[0m
[1;32m2016-08-16 20:48:37.572 ./erova_loader.py INFO     Loading flow message[0m
[1;32m2016-08-16 20:48:37.572 ./erova_loader.py INFO     insert ignore into frequency values ( " 2016-08-16 07:19:45 " , 49.976000 ) [0m
[1;32m2016-08-16 20:48:37.576 ./erova_loader.py INFO     Archiving /data/REMIT/transmit/20160816_071957.xml[0m
[1;32m2016-08-16 20:48:37.777 ./erova_loader.py INFO     20160816_072018.xml[0m
[1;32m2016-08-16 20:48:37.779 ./erova_loader.py INFO     {'msg': {'row': {'FG': '759', 'SP': '17', 'FT': 'WIND', 'TS': '2016-08-16 07:15:00:GMT', 'SD': '2016-08-16 00:00:00:GMT'}, 'TP': '2016-08-16 07:20:00:GMT', 'subject': 'BMRA.SYSTEM.FUELINST'}, 'flow': 'FUELINST', 'pubTs': '2016-08-16 07:20:32:GMT'}[0m
[1;32m2016-08-16 20:48:37.779 ./erova_loader.py INFO     Archiving /data/REMIT/transmit/20160816_072018.xml[0m
[1;32m2016-08-16 20:48:37.980 ./erova_loader.py INFO     20160816_072025.xml[0m
[1;32m2016-08-16 20:48:38.057 ./erova_loader.py INFO     {'msg': {'NR': '58', 'row': {'SP': '10', 'VM': '2110.000', 'TP': '2016-08-16 07:15:00:GMT', 'SD': '2016-08-17 00:00:00:GMT'}, 'ZI': 'B5', 'subject': 'BMRA.SYSTEM.MELNGC.B5'}, 'flow': 'MELNGC', 'pubTs': '2016-08-16 07:20:39:GMT'}[0m
[1;32m2016-08-16 20:48:38.057 ./erova_loader.py INFO     Archiving /data/REMIT/transmit/20160816_072025.xml[0m
[1;32m2016-08-16 20:48:38.258 ./erova_loader.py INFO     20160816_072058.xml[0m
[1;32m2016-08-16 20:48:38.260 ./erova_loader.py INFO     {'{urn:iec62325.351:tc57wg16:451-6:balancingdocument:3:0}process.processType': 'A16', '{urn:iec62325.351:tc57wg16:451-6:balancingdocument:3:0}mRID': 'ELX-EMFIP-AIMBV-15144136', '{urn:iec62325.351:tc57wg16:451-6:balancingdocument:3:0}createdDateTime': '2016-08-16T07:21:11Z', '{urn:iec62325.351:tc57wg16:451-6:balancingdocument:3:0}sender_MarketParticipant.mRID': {'codingScheme': 'A01'}, '{urn:iec62325.351:tc57wg16:451-6:balancingdocument:3:0}receiver_MarketParticipant.marketRole.type': 'A32', '{urn:iec62325.351:tc57wg16:451-6:balancingdocument:3:0}type': 'A86', '{urn:iec62325.351:tc57wg16:451-6:balancingdocument:3:0}TimeSeries': {'{urn:iec62325.351:tc57wg16:451-6:balancingdocument:3:0}Period': {'{urn:iec62325.351:tc57wg16:451-6:balancingdocument:3:0}resolution': 'PT30M', '{urn:iec62325.351:tc57wg16:451-6:balancingdocument:3:0}timeInterval': {'{urn:iec62325.351:tc57wg16:451-6:balancingdocument:3:0}start': '2016-08-16T06:30Z', '{urn:iec62325.351:tc57wg16:451-6:balancingdocument:3:0}end': '2016-08-16T07:00Z'}, '{urn:iec62325.351:tc57wg16:451-6:balancingdocument:3:0}Point': {'{urn:iec62325.351:tc57wg16:451-6:balancingdocument:3:0}position': '1', '{urn:iec62325.351:tc57wg16:451-6:balancingdocument:3:0}quantity': '211.429'}}, '{urn:iec62325.351:tc57wg16:451-6:balancingdocument:3:0}mRID': 'ELX-EMFIP-AIMBV-TS-1', '{urn:iec62325.351:tc57wg16:451-6:balancingdocument:3:0}curveType': 'A01', '{urn:iec62325.351:tc57wg16:451-6:balancingdocument:3:0}businessType': 'A19'}, '{urn:iec62325.351:tc57wg16:451-6:balancingdocument:3:0}period.timeInterval': {'{urn:iec62325.351:tc57wg16:451-6:balancingdocument:3:0}start': '2016-08-16T06:30Z', '{urn:iec62325.351:tc57wg16:451-6:balancingdocument:3:0}end': '2016-08-16T07:00Z'}, '{urn:iec62325.351:tc57wg16:451-6:balancingdocument:3:0}sender_MarketParticipant.marketRole.type': 'A39', '{urn:iec62325.351:tc57wg16:451-6:balancingdocument:3:0}controlArea_Domain.mRID': {'codingScheme': 'A01'}, '{urn:iec62325.351:tc57wg16:451-6:balancingdocument:3:0}receiver_MarketParticipant.mRID': {'codingScheme': 'A01'}, '{urn:iec62325.351:tc57wg16:451-6:balancingdocument:3:0}docStatus': {'{urn:iec62325.351:tc57wg16:451-6:balancingdocument:3:0}value': 'A02'}, '{urn:iec62325.351:tc57wg16:451-6:balancingdocument:3:0}revisionNumber': '1'}[0m
[1;32m2016-08-16 20:48:38.260 ./erova_loader.py INFO     Archiving /data/REMIT/transmit/20160816_072058.xml[0m
[1;32m2016-08-16 20:48:38.461 ./erova_loader.py INFO     20160816_072158.xml[0m
[1;32m2016-08-16 20:48:38.462 ./erova_loader.py INFO     {'msg': {'row': {'TS': '2016-08-16 07:21:45:GMT', 'SF': '49.994'}, 'subject': 'BMRA.SYSTEM.FREQ'}, 'flow': 'FREQ', 'pubTs': '2016-08-16 07:22:12:GMT'}[0m
[1;32m2016-08-16 20:48:38.462 ./erova_loader.py INFO     Loading flow message[0m
[1;32m2016-08-16 20:48:38.462 ./erova_loader.py INFO     insert ignore into frequency values ( " 2016-08-16 07:21:45 " , 49.994000 ) [0m
[1;32m2016-08-16 20:48:38.467 ./erova_loader.py INFO     Archiving /data/REMIT/transmit/20160816_072158.xml[0m
[1;32m2016-08-16 20:48:38.668 ./erova_loader.py INFO     20160816_072219.xml[0m
[1;32m2016-08-16 20:48:38.668 ./erova_loader.py INFO     {'InsideInformation': {'AffectedUnitEIC': '48W00000WBURB-35', 'AssetType': 'Production', 'AffectedUnit': 'T_WBURB-3', 'DurationUncertainty': None, 'RelatedInformation': '4234 : De-load for operational reasons', 'AssetId': 'WBURB-3', 'EventType': 'SPECIALINFORMATION', 'NormalCapacity': '430', 'AvailableCapacity': '389', 'EventStatus': 'FUTURE', 'EventStart': '2016-08-16T10:30:00Z', 'EventEnd': '2016-08-16T14:30:00Z', 'Cause': 'Operational', 'AffectedArea': 'N', 'FuelType': 'CCGT', 'Participant_MarketParticipantID': 'EDFE', 'MessageHeading': 'REMIT Event ID 4234'}, 'mRID': '48X000000000022A-NGET-RMT-00091880', 'Version': '1.0', 'Receiver_MarketParticipantID': '10X1001A1001A59Q', 'Sender_MarketParticipantRole': 'A39', 'DocumentType': 'REMIT_document', 'CreatedDateTime': '2016-08-16T07:18:41Z', 'Receiver_MarketParticipantRole': 'A32', 'Sender_MarketParticipantID': '48X000000000022A', 'revisionNumber': '1'}[0m
[1;32m2016-08-16 20:48:38.669 ./erova_loader.py INFO     Loading REMIT message[0m
[1;32m2016-08-16 20:48:38.669 ./erova_loader.py INFO     Archiving /data/REMIT/transmit/20160816_072219.xml[0m
[1;32m2016-08-16 20:48:38.870 ./erova_loader.py INFO     20160816_072220.xml[0m
[1;32m2016-08-16 20:48:38.871 ./erova_loader.py INFO     {'{urn:iec62325.351:tc57wg16:451-6:outagedocument:3:0}type': 'A80', '{urn:iec62325.351:tc57wg16:451-6:outagedocument:3:0}createdDateTime': '2016-08-16T07:18:41Z', '{urn:iec62325.351:tc57wg16:451-6:outagedocument:3:0}sender_MarketParticipant.mRID': {'codingScheme': 'A01'}, '{urn:iec62325.351:tc57wg16:451-6:outagedocument:3:0}sender_MarketParticipant.marketRole.type': 'A39', '{urn:iec62325.351:tc57wg16:451-6:outagedocument:3:0}revisionNumber': '1', '{urn:iec62325.351:tc57wg16:451-6:outagedocument:3:0}Reason': {'{urn:iec62325.351:tc57wg16:451-6:outagedocument:3:0}text': 'De-load for operational reasons', '{urn:iec62325.351:tc57wg16:451-6:outagedocument:3:0}code': 'A95'}, '{urn:iec62325.351:tc57wg16:451-6:outagedocument:3:0}mRID': '48X000000000022A-NGET-AAGU-00065589', '{urn:iec62325.351:tc57wg16:451-6:outagedocument:3:0}unavailability_Time_Period.timeInterval': {'{urn:iec62325.351:tc57wg16:451-6:outagedocument:3:0}start': '2016-08-16T10:30Z', '{urn:iec62325.351:tc57wg16:451-6:outagedocument:3:0}end': '2016-08-16T14:30Z'}, '{urn:iec62325.351:tc57wg16:451-6:outagedocument:3:0}receiver_MarketParticipant.mRID': {'codingScheme': 'A01'}, '{urn:iec62325.351:tc57wg16:451-6:outagedocument:3:0}process.processType': 'A26', '{urn:iec62325.351:tc57wg16:451-6:outagedocument:3:0}receiver_MarketParticipant.marketRole.type': 'A32', '{urn:iec62325.351:tc57wg16:451-6:outagedocument:3:0}TimeSeries': {'{urn:iec62325.351:tc57wg16:451-6:outagedocument:3:0}end_DateAndOrTime.time': '14:30:00Z', '{urn:iec62325.351:tc57wg16:451-6:outagedocument:3:0}curveType': 'A03', '{urn:iec62325.351:tc57wg16:451-6:outagedocument:3:0}Available_Period': {'{urn:iec62325.351:tc57wg16:451-6:outagedocument:3:0}Point': {'{urn:iec62325.351:tc57wg16:451-6:outagedocument:3:0}quantity': '389', '{urn:iec62325.351:tc57wg16:451-6:outagedocument:3:0}position': '1'}, '{urn:iec62325.351:tc57wg16:451-6:outagedocument:3:0}timeInterval': {'{urn:iec62325.351:tc57wg16:451-6:outagedocument:3:0}start': '2016-08-16T10:30Z', '{urn:iec62325.351:tc57wg16:451-6:outagedocument:3:0}end': '2016-08-16T14:30Z'}, '{urn:iec62325.351:tc57wg16:451-6:outagedocument:3:0}resolution': 'PT30M'}, '{urn:iec62325.351:tc57wg16:451-6:outagedocument:3:0}biddingZone_Domain.mRID': {'codingScheme': 'A01'}, '{urn:iec62325.351:tc57wg16:451-6:outagedocument:3:0}mRID': 'MP-NGET-AAGU-TS-00000000', '{urn:iec62325.351:tc57wg16:451-6:outagedocument:3:0}production_RegisteredResource.pSRType.powerSystemResources.mRID': {'codingScheme': 'A01'}, '{urn:iec62325.351:tc57wg16:451-6:outagedocument:3:0}businessType': 'A54', '{urn:iec62325.351:tc57wg16:451-6:outagedocument:3:0}start_DateAndOrTime.date': '2016-08-16', '{urn:iec62325.351:tc57wg16:451-6:outagedocument:3:0}start_DateAndOrTime.time': '10:30:00Z', '{urn:iec62325.351:tc57wg16:451-6:outagedocument:3:0}production_RegisteredResource.mRID': {'codingScheme': 'A01'}, '{urn:iec62325.351:tc57wg16:451-6:outagedocument:3:0}quantity_Measure_Unit.name': 'MAW', '{urn:iec62325.351:tc57wg16:451-6:outagedocument:3:0}end_DateAndOrTime.date': '2016-08-16'}}[0m
[1;32m2016-08-16 20:48:38.871 ./erova_loader.py INFO     Archiving /data/REMIT/transmit/20160816_072220.xml[0m
[1;32m2016-08-16 20:48:39.072 ./erova_loader.py INFO     20160816_072229.xml[0m
[1;32m2016-08-16 20:48:39.073 ./erova_loader.py INFO     {'InsideInformation': {'AffectedUnitEIC': '48W00000WBURB-35', 'AssetType': 'Production', 'AffectedUnit': 'T_WBURB-3', 'DurationUncertainty': None, 'RelatedInformation': '4234 : De-load for operational reasons', 'AssetId': 'WBURB-3', 'EventType': 'SPECIALINFORMATION', 'NormalCapacity': '430', 'AvailableCapacity': '390', 'EventStatus': 'FUTURE', 'EventStart': '2016-08-16T14:30:00Z', 'EventEnd': '2016-08-16T18:30:00Z', 'Cause': 'Operational', 'AffectedArea': 'N', 'FuelType': 'CCGT', 'Participant_MarketParticipantID': 'EDFE', 'MessageHeading': 'REMIT Event ID 4234'}, 'mRID': '48X000000000022A-NGET-RMT-00091881', 'Version': '1.0', 'Receiver_MarketParticipantID': '10X1001A1001A59Q', 'Sender_MarketParticipantRole': 'A39', 'DocumentType': 'REMIT_document', 'CreatedDateTime': '2016-08-16T07:18:41Z', 'Receiver_MarketParticipantRole': 'A32', 'Sender_MarketParticipantID': '48X000000000022A', 'revisionNumber': '1'}[0m
[1;32m2016-08-16 20:48:39.073 ./erova_loader.py INFO     Loading REMIT message[0m
[1;32m2016-08-16 20:48:39.073 ./erova_loader.py INFO     Archiving /data/REMIT/transmit/20160816_072229.xml[0m
[1;32m2016-08-16 20:48:39.274 ./erova_loader.py INFO     20160816_072230.xml[0m
[1;32m2016-08-16 20:48:39.276 ./erova_loader.py INFO     {'{urn:iec62325.351:tc57wg16:451-6:outagedocument:3:0}type': 'A80', '{urn:iec62325.351:tc57wg16:451-6:outagedocument:3:0}createdDateTime': '2016-08-16T07:18:41Z', '{urn:iec62325.351:tc57wg16:451-6:outagedocument:3:0}sender_MarketParticipant.mRID': {'codingScheme': 'A01'}, '{urn:iec62325.351:tc57wg16:451-6:outagedocument:3:0}sender_MarketParticipant.marketRole.type': 'A39', '{urn:iec62325.351:tc57wg16:451-6:outagedocument:3:0}revisionNumber': '1', '{urn:iec62325.351:tc57wg16:451-6:outagedocument:3:0}Reason': {'{urn:iec62325.351:tc57wg16:451-6:outagedocument:3:0}text': 'De-load for operational reasons', '{urn:iec62325.351:tc57wg16:451-6:outagedocument:3:0}code': 'A95'}, '{urn:iec62325.351:tc57wg16:451-6:outagedocument:3:0}mRID': '48X000000000022A-NGET-AAGU-00065590', '{urn:iec62325.351:tc57wg16:451-6:outagedocument:3:0}unavailability_Time_Period.timeInterval': {'{urn:iec62325.351:tc57wg16:451-6:outagedocument:3:0}start': '2016-08-16T14:30Z', '{urn:iec62325.351:tc57wg16:451-6:outagedocument:3:0}end': '2016-08-16T18:30Z'}, '{urn:iec62325.351:tc57wg16:451-6:outagedocument:3:0}receiver_MarketParticipant.mRID': {'codingScheme': 'A01'}, '{urn:iec62325.351:tc57wg16:451-6:outagedocument:3:0}process.processType': 'A26', '{urn:iec62325.351:tc57wg16:451-6:outagedocument:3:0}receiver_MarketParticipant.marketRole.type': 'A32', '{urn:iec62325.351:tc57wg16:451-6:outagedocument:3:0}TimeSeries': {'{urn:iec62325.351:tc57wg16:451-6:outagedocument:3:0}end_DateAndOrTime.time': '18:30:00Z', '{urn:iec62325.351:tc57wg16:451-6:outagedocument:3:0}curveType': 'A03', '{urn:iec62325.351:tc57wg16:451-6:outagedocument:3:0}Available_Period': {'{urn:iec62325.351:tc57wg16:451-6:outagedocument:3:0}Point': {'{urn:iec62325.351:tc57wg16:451-6:outagedocument:3:0}quantity': '390', '{urn:iec62325.351:tc57wg16:451-6:outagedocument:3:0}position': '1'}, '{urn:iec62325.351:tc57wg16:451-6:outagedocument:3:0}timeInterval': {'{urn:iec62325.351:tc57wg16:451-6:outagedocument:3:0}start': '2016-08-16T14:30Z', '{urn:iec62325.351:tc57wg16:451-6:outagedocument:3:0}end': '2016-08-16T18:30Z'}, '{urn:iec62325.351:tc57wg16:451-6:outagedocument:3:0}resolution': 'PT30M'}, '{urn:iec62325.351:tc57wg16:451-6:outagedocument:3:0}biddingZone_Domain.mRID': {'codingScheme': 'A01'}, '{urn:iec62325.351:tc57wg16:451-6:outagedocument:3:0}mRID': 'MP-NGET-AAGU-TS-00000000', '{urn:iec62325.351:tc57wg16:451-6:outagedocument:3:0}production_RegisteredResource.pSRType.powerSystemResources.mRID': {'codingScheme': 'A01'}, '{urn:iec62325.351:tc57wg16:451-6:outagedocument:3:0}businessType': 'A54', '{urn:iec62325.351:tc57wg16:451-6:outagedocument:3:0}start_DateAndOrTime.date': '2016-08-16', '{urn:iec62325.351:tc57wg16:451-6:outagedocument:3:0}start_DateAndOrTime.time': '14:30:00Z', '{urn:iec62325.351:tc57wg16:451-6:outagedocument:3:0}production_RegisteredResource.mRID': {'codingScheme': 'A01'}, '{urn:iec62325.351:tc57wg16:451-6:outagedocument:3:0}quantity_Measure_Unit.name': 'MAW', '{urn:iec62325.351:tc57wg16:451-6:outagedocument:3:0}end_DateAndOrTime.date': '2016-08-16'}}[0m
[1;32m2016-08-16 20:48:39.276 ./erova_loader.py INFO     Archiving /data/REMIT/transmit/20160816_072230.xml[0m
[1;32m2016-08-16 20:48:39.477 ./erova_loader.py INFO     20160816_072358.xml[0m
[1;32m2016-08-16 20:48:39.478 ./erova_loader.py INFO     {'msg': {'row': {'TS': '2016-08-16 07:23:45:GMT', 'SF': '50.003'}, 'subject': 'BMRA.SYSTEM.FREQ'}, 'flow': 'FREQ', 'pubTs': '2016-08-16 07:24:12:GMT'}[0m
[1;32m2016-08-16 20:48:39.478 ./erova_loader.py INFO     Loading flow message[0m
[1;32m2016-08-16 20:48:39.478 ./erova_loader.py INFO     insert ignore into frequency values ( " 2016-08-16 07:23:45 " , 50.003000 ) [0m
[1;32m2016-08-16 20:48:39.482 ./erova_loader.py INFO     Archiving /data/REMIT/transmit/20160816_072358.xml[0m
[1;32m2016-08-16 20:48:39.683 ./erova_loader.py INFO     20160816_072509.xml[0m
[1;32m2016-08-16 20:48:39.685 ./erova_loader.py INFO     {'msg': {'row': {'FG': '769', 'SP': '17', 'FT': 'WIND', 'TS': '2016-08-16 07:20:00:GMT', 'SD': '2016-08-16 00:00:00:GMT'}, 'TP': '2016-08-16 07:25:00:GMT', 'subject': 'BMRA.SYSTEM.FUELINST'}, 'flow': 'FUELINST', 'pubTs': '2016-08-16 07:25:23:GMT'}[0m
[1;32m2016-08-16 20:48:39.685 ./erova_loader.py INFO     Archiving /data/REMIT/transmit/20160816_072509.xml[0m
[1;32m2016-08-16 20:48:39.886 ./erova_loader.py INFO     20160816_072559.xml[0m
[1;32m2016-08-16 20:48:39.887 ./erova_loader.py INFO     {'msg': {'row': {'TS': '2016-08-16 07:25:45:GMT', 'SF': '49.979'}, 'subject': 'BMRA.SYSTEM.FREQ'}, 'flow': 'FREQ', 'pubTs': '2016-08-16 07:26:13:GMT'}[0m
[1;32m2016-08-16 20:48:39.887 ./erova_loader.py INFO     Loading flow message[0m
[1;32m2016-08-16 20:48:39.887 ./erova_loader.py INFO     insert ignore into frequency values ( " 2016-08-16 07:25:45 " , 49.979000 ) [0m
[1;32m2016-08-16 20:48:39.891 ./erova_loader.py INFO     Archiving /data/REMIT/transmit/20160816_072559.xml[0m
[1;32m2016-08-16 20:48:40.092 ./erova_loader.py INFO     20160816_072759.xml[0m
[1;32m2016-08-16 20:48:40.093 ./erova_loader.py INFO     {'msg': {'row': {'TS': '2016-08-16 07:27:45:GMT', 'SF': '49.924'}, 'subject': 'BMRA.SYSTEM.FREQ'}, 'flow': 'FREQ', 'pubTs': '2016-08-16 07:28:13:GMT'}[0m
[1;32m2016-08-16 20:48:40.093 ./erova_loader.py INFO     Loading flow message[0m
[1;32m2016-08-16 20:48:40.093 ./erova_loader.py INFO     insert ignore into frequency values ( " 2016-08-16 07:27:45 " , 49.924000 ) [0m
[1;32m2016-08-16 20:48:40.096 ./erova_loader.py INFO     Archiving /data/REMIT/transmit/20160816_072759.xml[0m
[1;32m2016-08-16 20:48:40.298 ./erova_loader.py INFO     20160816_072811.xml[0m
[1;32m2016-08-16 20:48:40.301 ./erova_loader.py INFO     {'{urn:iec62325.351:tc57wg16:451-6:generationloaddocument:3:0}receiver_MarketParticipant.mRID': {'codingScheme': 'A01'}, '{urn:iec62325.351:tc57wg16:451-6:generationloaddocument:3:0}sender_MarketParticipant.marketRole.type': 'A39', '{urn:iec62325.351:tc57wg16:451-6:generationloaddocument:3:0}time_Period.timeInterval': {'{urn:iec62325.351:tc57wg16:451-6:generationloaddocument:3:0}end': '2016-08-16T06:30Z', '{urn:iec62325.351:tc57wg16:451-6:generationloaddocument:3:0}start': '2016-08-16T06:00Z'}, '{urn:iec62325.351:tc57wg16:451-6:generationloaddocument:3:0}type': 'A75', '{urn:iec62325.351:tc57wg16:451-6:generationloaddocument:3:0}revisionNumber': '1', '{urn:iec62325.351:tc57wg16:451-6:generationloaddocument:3:0}TimeSeries': {'{urn:iec62325.351:tc57wg16:451-6:generationloaddocument:3:0}curveType': 'A01', '{urn:iec62325.351:tc57wg16:451-6:generationloaddocument:3:0}mRID': 'NGET-EMFIP-AGPT-TS-00299220', '{urn:iec62325.351:tc57wg16:451-6:generationloaddocument:3:0}businessType': 'A01', '{urn:iec62325.351:tc57wg16:451-6:generationloaddocument:3:0}Period': {'{urn:iec62325.351:tc57wg16:451-6:generationloaddocument:3:0}resolution': 'PT30M', '{urn:iec62325.351:tc57wg16:451-6:generationloaddocument:3:0}Point': {'{urn:iec62325.351:tc57wg16:451-6:generationloaddocument:3:0}quantity': '355', '{urn:iec62325.351:tc57wg16:451-6:generationloaddocument:3:0}position': '1'}, '{urn:iec62325.351:tc57wg16:451-6:generationloaddocument:3:0}timeInterval': {'{urn:iec62325.351:tc57wg16:451-6:generationloaddocument:3:0}end': '2016-08-16T06:30Z', '{urn:iec62325.351:tc57wg16:451-6:generationloaddocument:3:0}start': '2016-08-16T06:00Z'}}, '{urn:iec62325.351:tc57wg16:451-6:generationloaddocument:3:0}quantity_Measure_Unit.name': 'MAW', '{urn:iec62325.351:tc57wg16:451-6:generationloaddocument:3:0}objectAggregation': 'A08', '{urn:iec62325.351:tc57wg16:451-6:generationloaddocument:3:0}inBiddingZone_Domain.mRID': {'codingScheme': 'A01'}, '{urn:iec62325.351:tc57wg16:451-6:generationloaddocument:3:0}MktPSRType': {'{urn:iec62325.351:tc57wg16:451-6:generationloaddocument:3:0}psrType': 'B10'}}, '{urn:iec62325.351:tc57wg16:451-6:generationloaddocument:3:0}mRID': 'NGET-EMFIP-AGPT-00071688', '{urn:iec62325.351:tc57wg16:451-6:generationloaddocument:3:0}createdDateTime': '2016-08-16T08:28:11Z', '{urn:iec62325.351:tc57wg16:451-6:generationloaddocument:3:0}process.processType': 'A16', '{urn:iec62325.351:tc57wg16:451-6:generationloaddocument:3:0}sender_MarketParticipant.mRID': {'codingScheme': 'A01'}, '{urn:iec62325.351:tc57wg16:451-6:generationloaddocument:3:0}receiver_MarketParticipant.marketRole.type': 'A32'}[0m
[1;32m2016-08-16 20:48:40.301 ./erova_loader.py INFO     Archiving /data/REMIT/transmit/20160816_072811.xml[0m
[1;32m2016-08-16 20:48:40.502 ./erova_loader.py INFO     20160816_073000.xml[0m
[1;32m2016-08-16 20:48:40.503 ./erova_loader.py INFO     {'msg': {'row': {'TS': '2016-08-16 07:29:45:GMT', 'SF': '49.985'}, 'subject': 'BMRA.SYSTEM.FREQ'}, 'flow': 'FREQ', 'pubTs': '2016-08-16 07:30:14:GMT'}[0m
[1;32m2016-08-16 20:48:40.503 ./erova_loader.py INFO     Loading flow message[0m
[1;32m2016-08-16 20:48:40.503 ./erova_loader.py INFO     insert ignore into frequency values ( " 2016-08-16 07:29:45 " , 49.985000 ) [0m
[1;32m2016-08-16 20:48:40.508 ./erova_loader.py INFO     Archiving /data/REMIT/transmit/20160816_073000.xml[0m
[1;32m2016-08-16 20:48:40.709 ./erova_loader.py INFO     20160816_073010.xml[0m
[1;32m2016-08-16 20:48:40.709 ./erova_loader.py INFO     {'msg': {'row': {'SP': '17', 'VD': '30815.000', 'SD': '2016-08-16 00:00:00:GMT'}, 'TP': '2016-08-16 07:30:00:GMT', 'subject': 'BMRA.SYSTEM.INDO'}, 'flow': 'INDO', 'pubTs': '2016-08-16 07:30:24:GMT'}[0m
[1;32m2016-08-16 20:48:40.710 ./erova_loader.py INFO     Archiving /data/REMIT/transmit/20160816_073010.xml[0m
[1;32m2016-08-16 20:48:40.911 ./erova_loader.py INFO     20160816_073011.xml[0m
[1;32m2016-08-16 20:48:40.912 ./erova_loader.py INFO     {'msg': {'row': {'FG': '764', 'SP': '17', 'FT': 'WIND', 'TS': '2016-08-16 07:25:00:GMT', 'SD': '2016-08-16 00:00:00:GMT'}, 'TP': '2016-08-16 07:30:00:GMT', 'subject': 'BMRA.SYSTEM.FUELINST'}, 'flow': 'FUELINST', 'pubTs': '2016-08-16 07:30:25:GMT'}[0m
[1;32m2016-08-16 20:48:40.912 ./erova_loader.py INFO     Archiving /data/REMIT/transmit/20160816_073011.xml[0m
[1;32m2016-08-16 20:48:41.113 ./erova_loader.py INFO     20160816_073022.xml[0m
[1;32m2016-08-16 20:48:41.114 ./erova_loader.py INFO     {'msg': {'row': {'NB': '0', 'SP': '17', 'SD': '2016-08-16 00:00:00:GMT'}, 'TP': '2016-08-16 07:30:00:GMT', 'subject': 'BMRA.SYSTEM.NONBM'}, 'flow': 'NONBM', 'pubTs': '2016-08-16 07:30:36:GMT'}[0m
[1;32m2016-08-16 20:48:41.114 ./erova_loader.py INFO     Archiving /data/REMIT/transmit/20160816_073022.xml[0m
[1;32m2016-08-16 20:48:41.315 ./erova_loader.py INFO     20160816_073024.xml[0m
[1;32m2016-08-16 20:48:41.316 ./erova_loader.py INFO     {'msg': {'row': {'FG': '774', 'SP': '17', 'FT': 'WIND', 'SD': '2016-08-16 00:00:00:GMT'}, 'TP': '2016-08-16 07:30:00:GMT', 'subject': 'BMRA.SYSTEM.FUELHH'}, 'flow': 'FUELHH', 'pubTs': '2016-08-16 07:30:38:GMT'}[0m
[1;32m2016-08-16 20:48:41.316 ./erova_loader.py INFO     Archiving /data/REMIT/transmit/20160816_073024.xml[0m
[1;32m2016-08-16 20:48:41.518 ./erova_loader.py INFO     20160816_073053.xml[0m
[1;32m2016-08-16 20:48:41.675 ./erova_loader.py INFO     {'msg': {'SP': '20', 'NP': '2', 'SD': '2016-08-16 00:00:00:GMT', 'subject': 'BMRA.BM.E_ASLVW-1.FPN', 'row': {'VP': '0.000', 'TS': '2016-08-16 09:00:00:GMT'}}, 'flow': 'PN', 'pubTs': '2016-08-16 07:31:03:GMT'}[0m
[1;32m2016-08-16 20:48:41.675 ./erova_loader.py INFO     Archiving /data/REMIT/transmit/20160816_073053.xml[0m
[1;32m2016-08-16 20:48:41.876 ./erova_loader.py INFO     20160816_073112.xml[0m
[1;32m2016-08-16 20:48:42.043 ./erova_loader.py INFO     {'msg': {'SP': '20', 'NP': '2', 'SD': '2016-08-16 00:00:00', 'subject': 'BMRA.BM.E_ASLVW-1.QPN', 'row': {'VP': '0.000', 'TS': '2016-08-16 09:00:00:GMT'}}, 'flow': 'QPN', 'pubTs': '2016-08-16 07:31:23'}[0m
[1;32m2016-08-16 20:48:42.044 ./erova_loader.py INFO     Archiving /data/REMIT/transmit/20160816_073112.xml[0m
[1;32m2016-08-16 20:48:42.245 ./erova_loader.py INFO     20160816_073122.xml[0m
[1;32m2016-08-16 20:48:42.645 ./erova_loader.py INFO     {'msg': {'row': {'VB': '0.000', 'TS': '2016-08-16 09:00:00:GMT'}, 'BP': '0.00000', 'NN': '1', 'NP': '2', 'SP': '20', 'subject': 'BMRA.BM.2__MYELG000.BOD.1', 'OP': '0.00000', 'SD': '2016-08-16 00:00:00:GMT'}, 'flow': 'BOD', 'pubTs': '2016-08-16 07:31:34:GMT'}[0m
[1;32m2016-08-16 20:48:42.645 ./erova_loader.py INFO     Archiving /data/REMIT/transmit/20160816_073122.xml[0m
[1;32m2016-08-16 20:48:42.846 ./erova_loader.py INFO     20160816_073201.xml[0m
[1;32m2016-08-16 20:48:42.847 ./erova_loader.py INFO     {'msg': {'row': {'TS': '2016-08-16 07:31:45:GMT', 'SF': '50.017'}, 'subject': 'BMRA.SYSTEM.FREQ'}, 'flow': 'FREQ', 'pubTs': '2016-08-16 07:32:15:GMT'}[0m
[1;32m2016-08-16 20:48:42.847 ./erova_loader.py INFO     Loading flow message[0m
[1;32m2016-08-16 20:48:42.847 ./erova_loader.py INFO     insert ignore into frequency values ( " 2016-08-16 07:31:45 " , 50.017000 ) [0m
[1;32m2016-08-16 20:48:42.852 ./erova_loader.py INFO     Archiving /data/REMIT/transmit/20160816_073201.xml[0m
[1;32m2016-08-16 20:48:43.053 ./erova_loader.py INFO     20160816_073402.xml[0m
[1;32m2016-08-16 20:48:43.054 ./erova_loader.py INFO     {'msg': {'row': {'TS': '2016-08-16 07:33:45:GMT', 'SF': '50.012'}, 'subject': 'BMRA.SYSTEM.FREQ'}, 'flow': 'FREQ', 'pubTs': '2016-08-16 07:34:15:GMT'}[0m
[1;32m2016-08-16 20:48:43.054 ./erova_loader.py INFO     Loading flow message[0m
[1;32m2016-08-16 20:48:43.054 ./erova_loader.py INFO     insert ignore into frequency values ( " 2016-08-16 07:33:45 " , 50.012000 ) [0m
[1;32m2016-08-16 20:48:43.058 ./erova_loader.py INFO     Archiving /data/REMIT/transmit/20160816_073402.xml[0m
[1;32m2016-08-16 20:48:43.259 ./erova_loader.py INFO     20160816_073512.xml[0m
[1;32m2016-08-16 20:48:43.260 ./erova_loader.py INFO     {'msg': {'row': {'FG': '744', 'SP': '18', 'FT': 'WIND', 'TS': '2016-08-16 07:30:00:GMT', 'SD': '2016-08-16 00:00:00:GMT'}, 'TP': '2016-08-16 07:35:00:GMT', 'subject': 'BMRA.SYSTEM.FUELINST'}, 'flow': 'FUELINST', 'pubTs': '2016-08-16 07:35:26:GMT'}[0m
[1;32m2016-08-16 20:48:43.260 ./erova_loader.py INFO     Archiving /data/REMIT/transmit/20160816_073512.xml[0m
[1;32m2016-08-16 20:48:43.461 ./erova_loader.py INFO     20160816_073602.xml[0m
[1;32m2016-08-16 20:48:43.462 ./erova_loader.py INFO     {'msg': {'row': {'TS': '2016-08-16 07:35:45:GMT', 'SF': '50.051'}, 'subject': 'BMRA.SYSTEM.FREQ'}, 'flow': 'FREQ', 'pubTs': '2016-08-16 07:36:16:GMT'}[0m
[1;32m2016-08-16 20:48:43.462 ./erova_loader.py INFO     Loading flow message[0m
[1;32m2016-08-16 20:48:43.462 ./erova_loader.py INFO     insert ignore into frequency values ( " 2016-08-16 07:35:45 " , 50.051000 ) [0m
[1;32m2016-08-16 20:48:43.467 ./erova_loader.py INFO     Archiving /data/REMIT/transmit/20160816_073602.xml[0m
[1;32m2016-08-16 20:48:43.668 ./erova_loader.py INFO     20160816_073802.xml[0m
[1;32m2016-08-16 20:48:43.669 ./erova_loader.py INFO     {'msg': {'row': {'TS': '2016-08-16 07:37:45:GMT', 'SF': '50.068'}, 'subject': 'BMRA.SYSTEM.FREQ'}, 'flow': 'FREQ', 'pubTs': '2016-08-16 07:38:16:GMT'}[0m
[1;32m2016-08-16 20:48:43.669 ./erova_loader.py INFO     Loading flow message[0m
[1;32m2016-08-16 20:48:43.669 ./erova_loader.py INFO     insert ignore into frequency values ( " 2016-08-16 07:37:45 " , 50.068000 ) [0m
[1;32m2016-08-16 20:48:43.673 ./erova_loader.py INFO     Archiving /data/REMIT/transmit/20160816_073802.xml[0m
[1;32m2016-08-16 20:48:43.874 ./erova_loader.py INFO     20160816_073933.xml[0m
[1;32m2016-08-16 20:48:43.874 ./erova_loader.py INFO     {'msg': {'row': {'A3': '0.00', 'A6': '0.00', 'A11': '0.0000', 'A10': '0.0000', 'A7': '0.00000', 'A12': '0.0000', 'A9': '0.00000', 'A8': '0.0000', 'SP': '20', 'SD': '2016-08-16 00:00:00:GMT'}, 'subject': 'BMRA.SYSTEM.NETBSAD'}, 'flow': 'NETBSAD', 'pubTs': '2016-08-16 07:39:47:GMT'}[0m
[1;32m2016-08-16 20:48:43.874 ./erova_loader.py INFO     Archiving /data/REMIT/transmit/20160816_073933.xml[0m
[1;32m2016-08-16 20:48:44.075 ./erova_loader.py INFO     20160816_073952.xml[0m
[1;32m2016-08-16 20:48:44.076 ./erova_loader.py INFO     {'msg': {'row': {'TS': '2016-08-16 07:39:45:GMT', 'SF': '50.068'}, 'subject': 'BMRA.SYSTEM.FREQ'}, 'flow': 'FREQ', 'pubTs': '2016-08-16 07:40:06:GMT'}[0m
[1;32m2016-08-16 20:48:44.076 ./erova_loader.py INFO     Loading flow message[0m
[1;32m2016-08-16 20:48:44.076 ./erova_loader.py INFO     insert ignore into frequency values ( " 2016-08-16 07:39:45 " , 50.068000 ) [0m
[1;32m2016-08-16 20:48:44.082 ./erova_loader.py INFO     Archiving /data/REMIT/transmit/20160816_073952.xml[0m
[1;32m2016-08-16 20:48:44.284 ./erova_loader.py INFO     20160816_074003.xml[0m
[1;32m2016-08-16 20:48:44.285 ./erova_loader.py INFO     {'{urn:iec62325.351:tc57wg16:451-6:generationloaddocument:3:0}receiver_MarketParticipant.mRID': {'codingScheme': 'A01'}, '{urn:iec62325.351:tc57wg16:451-6:generationloaddocument:3:0}sender_MarketParticipant.marketRole.type': 'A39', '{urn:iec62325.351:tc57wg16:451-6:generationloaddocument:3:0}time_Period.timeInterval': {'{urn:iec62325.351:tc57wg16:451-6:generationloaddocument:3:0}end': '2016-08-16T07:30Z', '{urn:iec62325.351:tc57wg16:451-6:generationloaddocument:3:0}start': '2016-08-16T07:00Z'}, '{urn:iec62325.351:tc57wg16:451-6:generationloaddocument:3:0}type': 'A65', '{urn:iec62325.351:tc57wg16:451-6:generationloaddocument:3:0}revisionNumber': '1', '{urn:iec62325.351:tc57wg16:451-6:generationloaddocument:3:0}TimeSeries': {'{urn:iec62325.351:tc57wg16:451-6:generationloaddocument:3:0}curveType': 'A01', '{urn:iec62325.351:tc57wg16:451-6:generationloaddocument:3:0}mRID': 'NGET-EMFIP-ATL-TS-00056395', '{urn:iec62325.351:tc57wg16:451-6:generationloaddocument:3:0}businessType': 'A04', '{urn:iec62325.351:tc57wg16:451-6:generationloaddocument:3:0}Period': {'{urn:iec62325.351:tc57wg16:451-6:generationloaddocument:3:0}resolution': 'PT30M', '{urn:iec62325.351:tc57wg16:451-6:generationloaddocument:3:0}Point': {'{urn:iec62325.351:tc57wg16:451-6:generationloaddocument:3:0}quantity': '38301', '{urn:iec62325.351:tc57wg16:451-6:generationloaddocument:3:0}position': '1'}, '{urn:iec62325.351:tc57wg16:451-6:generationloaddocument:3:0}timeInterval': {'{urn:iec62325.351:tc57wg16:451-6:generationloaddocument:3:0}end': '2016-08-16T07:30Z', '{urn:iec62325.351:tc57wg16:451-6:generationloaddocument:3:0}start': '2016-08-16T07:00Z'}}, '{urn:iec62325.351:tc57wg16:451-6:generationloaddocument:3:0}quantity_Measure_Unit.name': 'MAW', '{urn:iec62325.351:tc57wg16:451-6:generationloaddocument:3:0}objectAggregation': 'A01', '{urn:iec62325.351:tc57wg16:451-6:generationloaddocument:3:0}outBiddingZone_Domain.mRID': {'codingScheme': 'A01'}}, '{urn:iec62325.351:tc57wg16:451-6:generationloaddocument:3:0}mRID': 'NGET-EMFIP-ATL-00052465', '{urn:iec62325.351:tc57wg16:451-6:generationloaddocument:3:0}createdDateTime': '2016-08-16T08:40:10Z', '{urn:iec62325.351:tc57wg16:451-6:generationloaddocument:3:0}process.processType': 'A16', '{urn:iec62325.351:tc57wg16:451-6:generationloaddocument:3:0}sender_MarketParticipant.mRID': {'codingScheme': 'A01'}, '{urn:iec62325.351:tc57wg16:451-6:generationloaddocument:3:0}receiver_MarketParticipant.marketRole.type': 'A32'}[0m
[1;32m2016-08-16 20:48:44.285 ./erova_loader.py INFO     Archiving /data/REMIT/transmit/20160816_074003.xml[0m
[1;32m2016-08-16 20:48:44.486 ./erova_loader.py INFO     20160816_074013.xml[0m
[1;32m2016-08-16 20:48:44.488 ./erova_loader.py INFO     {'msg': {'row': {'FG': '723', 'SP': '18', 'FT': 'WIND', 'TS': '2016-08-16 07:35:00:GMT', 'SD': '2016-08-16 00:00:00:GMT'}, 'TP': '2016-08-16 07:40:00:GMT', 'subject': 'BMRA.SYSTEM.FUELINST'}, 'flow': 'FUELINST', 'pubTs': '2016-08-16 07:40:27:GMT'}[0m
[1;32m2016-08-16 20:48:44.488 ./erova_loader.py INFO     Archiving /data/REMIT/transmit/20160816_074013.xml[0m
[1;32m2016-08-16 20:48:44.689 ./erova_loader.py INFO     20160816_074040.xml[0m
[1;32m2016-08-16 20:48:44.691 ./erova_loader.py INFO     {'{urn:iec62325.351:tc57wg16:451-6:balancingdocument:3:0}process.processType': 'A16', '{urn:iec62325.351:tc57wg16:451-6:balancingdocument:3:0}mRID': 'NGET-EMFIP-CBBV-00032158', '{urn:iec62325.351:tc57wg16:451-6:balancingdocument:3:0}createdDateTime': '2016-08-16T08:40:30Z', '{urn:iec62325.351:tc57wg16:451-6:balancingdocument:3:0}sender_MarketParticipant.mRID': {'codingScheme': 'A01'}, '{urn:iec62325.351:tc57wg16:451-6:balancingdocument:3:0}receiver_MarketParticipant.marketRole.type': 'A32', '{urn:iec62325.351:tc57wg16:451-6:balancingdocument:3:0}type': 'A88', '{urn:iec62325.351:tc57wg16:451-6:balancingdocument:3:0}TimeSeries': {'{urn:iec62325.351:tc57wg16:451-6:balancingdocument:3:0}mRID': 'NGET-EMFIP-CBBV-TS-00120125', '{urn:iec62325.351:tc57wg16:451-6:balancingdocument:3:0}Period': {'{urn:iec62325.351:tc57wg16:451-6:balancingdocument:3:0}resolution': 'PT30M', '{urn:iec62325.351:tc57wg16:451-6:balancingdocument:3:0}timeInterval': {'{urn:iec62325.351:tc57wg16:451-6:balancingdocument:3:0}start': '2016-08-16T07:00Z', '{urn:iec62325.351:tc57wg16:451-6:balancingdocument:3:0}end': '2016-08-16T07:30Z'}, '{urn:iec62325.351:tc57wg16:451-6:balancingdocument:3:0}Point': {'{urn:iec62325.351:tc57wg16:451-6:balancingdocument:3:0}position': '1', '{urn:iec62325.351:tc57wg16:451-6:balancingdocument:3:0}quantity': '400'}}, '{urn:iec62325.351:tc57wg16:451-6:balancingdocument:3:0}flowDirection.direction': 'A01', '{urn:iec62325.351:tc57wg16:451-6:balancingdocument:3:0}quantity_Measure_Unit.name': 'MAW', '{urn:iec62325.351:tc57wg16:451-6:balancingdocument:3:0}acquiring_Domain.mRID': {'codingScheme': 'A01'}, '{urn:iec62325.351:tc57wg16:451-6:balancingdocument:3:0}businessType': 'A06', '{urn:iec62325.351:tc57wg16:451-6:balancingdocument:3:0}currency_Unit.name': 'GBP', '{urn:iec62325.351:tc57wg16:451-6:balancingdocument:3:0}connecting_Domain.mRID': {'codingScheme': 'A01'}, '{urn:iec62325.351:tc57wg16:451-6:balancingdocument:3:0}curveType': 'A01'}, '{urn:iec62325.351:tc57wg16:451-6:balancingdocument:3:0}period.timeInterval': {'{urn:iec62325.351:tc57wg16:451-6:balancingdocument:3:0}start': '2016-08-16T07:00Z', '{urn:iec62325.351:tc57wg16:451-6:balancingdocument:3:0}end': '2016-08-16T07:30Z'}, '{urn:iec62325.351:tc57wg16:451-6:balancingdocument:3:0}sender_MarketParticipant.marketRole.type': 'A39', '{urn:iec62325.351:tc57wg16:451-6:balancingdocument:3:0}controlArea_Domain.mRID': {'codingScheme': 'A01'}, '{urn:iec62325.351:tc57wg16:451-6:balancingdocument:3:0}receiver_MarketParticipant.mRID': {'codingScheme': 'A01'}, '{urn:iec62325.351:tc57wg16:451-6:balancingdocument:3:0}docStatus': {'{urn:iec62325.351:tc57wg16:451-6:balancingdocument:3:0}value': 'A02'}, '{urn:iec62325.351:tc57wg16:451-6:balancingdocument:3:0}revisionNumber': '1'}[0m
[1;32m2016-08-16 20:48:44.691 ./erova_loader.py INFO     Archiving /data/REMIT/transmit/20160816_074040.xml[0m
[1;32m2016-08-16 20:48:44.892 ./erova_loader.py INFO     20160816_074041.xml[0m
[1;32m2016-08-16 20:48:44.894 ./erova_loader.py INFO     {'{urn:iec62325.351:tc57wg16:451-6:balancingdocument:3:0}process.processType': 'A16', '{urn:iec62325.351:tc57wg16:451-6:balancingdocument:3:0}mRID': 'NGET-EMFIP-CBBE-00058718', '{urn:iec62325.351:tc57wg16:451-6:balancingdocument:3:0}createdDateTime': '2016-08-16T08:40:30Z', '{urn:iec62325.351:tc57wg16:451-6:balancingdocument:3:0}sender_MarketParticipant.mRID': {'codingScheme': 'A01'}, '{urn:iec62325.351:tc57wg16:451-6:balancingdocument:3:0}receiver_MarketParticipant.marketRole.type': 'A32', '{urn:iec62325.351:tc57wg16:451-6:balancingdocument:3:0}type': 'A88', '{urn:iec62325.351:tc57wg16:451-6:balancingdocument:3:0}TimeSeries': {'{urn:iec62325.351:tc57wg16:451-6:balancingdocument:3:0}mRID': 'NGET-EMFIP-CBBE-TS-00086377', '{urn:iec62325.351:tc57wg16:451-6:balancingdocument:3:0}Period': {'{urn:iec62325.351:tc57wg16:451-6:balancingdocument:3:0}resolution': 'PT30M', '{urn:iec62325.351:tc57wg16:451-6:balancingdocument:3:0}timeInterval': {'{urn:iec62325.351:tc57wg16:451-6:balancingdocument:3:0}start': '2016-08-16T07:00Z', '{urn:iec62325.351:tc57wg16:451-6:balancingdocument:3:0}end': '2016-08-16T07:30Z'}, '{urn:iec62325.351:tc57wg16:451-6:balancingdocument:3:0}Point': {'{urn:iec62325.351:tc57wg16:451-6:balancingdocument:3:0}position': '1', '{urn:iec62325.351:tc57wg16:451-6:balancingdocument:3:0}secondaryQuantity': '0'}}, '{urn:iec62325.351:tc57wg16:451-6:balancingdocument:3:0}flowDirection.direction': 'A02', '{urn:iec62325.351:tc57wg16:451-6:balancingdocument:3:0}quantity_Measure_Unit.name': 'MWH', '{urn:iec62325.351:tc57wg16:451-6:balancingdocument:3:0}acquiring_Domain.mRID': {'codingScheme': 'A01'}, '{urn:iec62325.351:tc57wg16:451-6:balancingdocument:3:0}businessType': 'A06', '{urn:iec62325.351:tc57wg16:451-6:balancingdocument:3:0}currency_Unit.name': 'GBP', '{urn:iec62325.351:tc57wg16:451-6:balancingdocument:3:0}connecting_Domain.mRID': {'codingScheme': 'A01'}, '{urn:iec62325.351:tc57wg16:451-6:balancingdocument:3:0}curveType': 'A01'}, '{urn:iec62325.351:tc57wg16:451-6:balancingdocument:3:0}period.timeInterval': {'{urn:iec62325.351:tc57wg16:451-6:balancingdocument:3:0}start': '2016-08-16T07:00Z', '{urn:iec62325.351:tc57wg16:451-6:balancingdocument:3:0}end': '2016-08-16T07:30Z'}, '{urn:iec62325.351:tc57wg16:451-6:balancingdocument:3:0}sender_MarketParticipant.marketRole.type': 'A39', '{urn:iec62325.351:tc57wg16:451-6:balancingdocument:3:0}controlArea_Domain.mRID': {'codingScheme': 'A01'}, '{urn:iec62325.351:tc57wg16:451-6:balancingdocument:3:0}receiver_MarketParticipant.mRID': {'codingScheme': 'A01'}, '{urn:iec62325.351:tc57wg16:451-6:balancingdocument:3:0}docStatus': {'{urn:iec62325.351:tc57wg16:451-6:balancingdocument:3:0}value': 'A02'}, '{urn:iec62325.351:tc57wg16:451-6:balancingdocument:3:0}revisionNumber': '1'}[0m
[1;32m2016-08-16 20:48:44.894 ./erova_loader.py INFO     Archiving /data/REMIT/transmit/20160816_074041.xml[0m
[1;32m2016-08-16 20:48:45.095 ./erova_loader.py INFO     20160816_074154.xml[0m
[1;32m2016-08-16 20:48:45.096 ./erova_loader.py INFO     {'msg': {'row': {'TS': '2016-08-16 07:41:45:GMT', 'SF': '50.018'}, 'subject': 'BMRA.SYSTEM.FREQ'}, 'flow': 'FREQ', 'pubTs': '2016-08-16 07:42:08:GMT'}[0m
[1;32m2016-08-16 20:48:45.096 ./erova_loader.py INFO     Loading flow message[0m
[1;32m2016-08-16 20:48:45.096 ./erova_loader.py INFO     insert ignore into frequency values ( " 2016-08-16 07:41:45 " , 50.018000 ) [0m
[1;32m2016-08-16 20:48:45.101 ./erova_loader.py INFO     Archiving /data/REMIT/transmit/20160816_074154.xml[0m
[1;32m2016-08-16 20:48:45.302 ./erova_loader.py INFO     20160816_074354.xml[0m
[1;32m2016-08-16 20:48:45.304 ./erova_loader.py INFO     {'msg': {'row': {'TS': '2016-08-16 07:43:45:GMT', 'SF': '50.065'}, 'subject': 'BMRA.SYSTEM.FREQ'}, 'flow': 'FREQ', 'pubTs': '2016-08-16 07:44:08:GMT'}[0m
[1;32m2016-08-16 20:48:45.304 ./erova_loader.py INFO     Loading flow message[0m
[1;32m2016-08-16 20:48:45.304 ./erova_loader.py INFO     insert ignore into frequency values ( " 2016-08-16 07:43:45 " , 50.065000 ) [0m
[1;32m2016-08-16 20:48:45.318 ./erova_loader.py INFO     Archiving /data/REMIT/transmit/20160816_074354.xml[0m
[1;32m2016-08-16 20:48:45.519 ./erova_loader.py INFO     20160816_074515.xml[0m
[1;32m2016-08-16 20:48:45.521 ./erova_loader.py INFO     {'msg': {'row': {'FG': '708', 'SP': '18', 'FT': 'WIND', 'TS': '2016-08-16 07:40:00:GMT', 'SD': '2016-08-16 00:00:00:GMT'}, 'TP': '2016-08-16 07:45:00:GMT', 'subject': 'BMRA.SYSTEM.FUELINST'}, 'flow': 'FUELINST', 'pubTs': '2016-08-16 07:45:29:GMT'}[0m
[1;32m2016-08-16 20:48:45.521 ./erova_loader.py INFO     Archiving /data/REMIT/transmit/20160816_074515.xml[0m
[1;32m2016-08-16 20:48:45.722 ./erova_loader.py INFO     20160816_074525.xml[0m
[1;32m2016-08-16 20:48:45.729 ./erova_loader.py INFO     {'msg': {'NR': '106', 'row': {'SP': '10', 'VD': '20895.000', 'TP': '2016-08-16 07:45:00:GMT', 'SD': '2016-08-18 00:00:00:GMT'}, 'ZI': 'N', 'subject': 'BMRA.SYSTEM.NDF.N'}, 'flow': 'NDF', 'pubTs': '2016-08-16 07:45:39:GMT'}[0m
[1;32m2016-08-16 20:48:45.730 ./erova_loader.py INFO     Archiving /data/REMIT/transmit/20160816_074525.xml[0m
[1;32m2016-08-16 20:48:45.931 ./erova_loader.py INFO     20160816_074542.xml[0m
[1;32m2016-08-16 20:48:46.069 ./erova_loader.py INFO     {'msg': {'NR': '106', 'row': {'SP': '10', 'VD': '3231.000', 'TP': '2016-08-16 07:45:00:GMT', 'SD': '2016-08-18 00:00:00:GMT'}, 'ZI': 'B7', 'subject': 'BMRA.SYSTEM.TSDF.B7'}, 'flow': 'TSDF', 'pubTs': '2016-08-16 07:45:56:GMT'}[0m
[1;32m2016-08-16 20:48:46.070 ./erova_loader.py INFO     Archiving /data/REMIT/transmit/20160816_074542.xml[0m
[1;32m2016-08-16 20:48:46.271 ./erova_loader.py INFO     20160816_074555.xml[0m
[1;32m2016-08-16 20:48:46.272 ./erova_loader.py INFO     {'msg': {'row': {'TS': '2016-08-16 07:45:45:GMT', 'SF': '50.026'}, 'subject': 'BMRA.SYSTEM.FREQ'}, 'flow': 'FREQ', 'pubTs': '2016-08-16 07:46:09:GMT'}[0m
[1;32m2016-08-16 20:48:46.272 ./erova_loader.py INFO     Loading flow message[0m
[1;32m2016-08-16 20:48:46.272 ./erova_loader.py INFO     insert ignore into frequency values ( " 2016-08-16 07:45:45 " , 50.026000 ) [0m
[1;32m2016-08-16 20:48:46.278 ./erova_loader.py INFO     Archiving /data/REMIT/transmit/20160816_074555.xml[0m
[1;32m2016-08-16 20:48:46.479 ./erova_loader.py INFO     20160816_074755.xml[0m
[1;32m2016-08-16 20:48:46.480 ./erova_loader.py INFO     {'msg': {'row': {'TS': '2016-08-16 07:47:45:GMT', 'SF': '50.019'}, 'subject': 'BMRA.SYSTEM.FREQ'}, 'flow': 'FREQ', 'pubTs': '2016-08-16 07:48:09:GMT'}[0m
[1;32m2016-08-16 20:48:46.480 ./erova_loader.py INFO     Loading flow message[0m
[1;32m2016-08-16 20:48:46.480 ./erova_loader.py INFO     insert ignore into frequency values ( " 2016-08-16 07:47:45 " , 50.019000 ) [0m
[1;32m2016-08-16 20:48:46.484 ./erova_loader.py INFO     Archiving /data/REMIT/transmit/20160816_074755.xml[0m
[1;32m2016-08-16 20:48:46.685 ./erova_loader.py INFO     20160816_074955.xml[0m
[1;32m2016-08-16 20:48:46.686 ./erova_loader.py INFO     {'msg': {'row': {'TS': '2016-08-16 07:49:45:GMT', 'SF': '49.959'}, 'subject': 'BMRA.SYSTEM.FREQ'}, 'flow': 'FREQ', 'pubTs': '2016-08-16 07:50:09:GMT'}[0m
[1;32m2016-08-16 20:48:46.686 ./erova_loader.py INFO     Loading flow message[0m
[1;32m2016-08-16 20:48:46.686 ./erova_loader.py INFO     insert ignore into frequency values ( " 2016-08-16 07:49:45 " , 49.959000 ) [0m
[1;32m2016-08-16 20:48:46.690 ./erova_loader.py INFO     Archiving /data/REMIT/transmit/20160816_074955.xml[0m
[1;32m2016-08-16 20:48:46.891 ./erova_loader.py INFO     20160816_075006.xml[0m
[1;32m2016-08-16 20:48:46.893 ./erova_loader.py INFO     {'msg': {'row': {'FG': '700', 'SP': '18', 'FT': 'WIND', 'TS': '2016-08-16 07:45:00:GMT', 'SD': '2016-08-16 00:00:00:GMT'}, 'TP': '2016-08-16 07:50:00:GMT', 'subject': 'BMRA.SYSTEM.FUELINST'}, 'flow': 'FUELINST', 'pubTs': '2016-08-16 07:50:20:GMT'}[0m
[1;32m2016-08-16 20:48:46.893 ./erova_loader.py INFO     Archiving /data/REMIT/transmit/20160816_075006.xml[0m
[1;32m2016-08-16 20:48:47.095 ./erova_loader.py INFO     20160816_075056.xml[0m
[1;32m2016-08-16 20:48:47.096 ./erova_loader.py INFO     {'{urn:iec62325.351:tc57wg16:451-6:balancingdocument:3:0}process.processType': 'A16', '{urn:iec62325.351:tc57wg16:451-6:balancingdocument:3:0}mRID': 'ELX-EMFIP-IMBP-15144183', '{urn:iec62325.351:tc57wg16:451-6:balancingdocument:3:0}createdDateTime': '2016-08-16T07:51:09Z', '{urn:iec62325.351:tc57wg16:451-6:balancingdocument:3:0}sender_MarketParticipant.mRID': {'codingScheme': 'A01'}, '{urn:iec62325.351:tc57wg16:451-6:balancingdocument:3:0}receiver_MarketParticipant.marketRole.type': 'A32', '{urn:iec62325.351:tc57wg16:451-6:balancingdocument:3:0}type': 'A85', '{urn:iec62325.351:tc57wg16:451-6:balancingdocument:3:0}TimeSeries': {'{urn:iec62325.351:tc57wg16:451-6:balancingdocument:3:0}Period': {'{urn:iec62325.351:tc57wg16:451-6:balancingdocument:3:0}resolution': 'PT30M', '{urn:iec62325.351:tc57wg16:451-6:balancingdocument:3:0}timeInterval': {'{urn:iec62325.351:tc57wg16:451-6:balancingdocument:3:0}start': '2016-08-16T07:00Z', '{urn:iec62325.351:tc57wg16:451-6:balancingdocument:3:0}end': '2016-08-16T07:30Z'}, '{urn:iec62325.351:tc57wg16:451-6:balancingdocument:3:0}Point': {'{urn:iec62325.351:tc57wg16:451-6:balancingdocument:3:0}position': '1', '{urn:iec62325.351:tc57wg16:451-6:balancingdocument:3:0}imbalance_Price.amount': '95', '{urn:iec62325.351:tc57wg16:451-6:balancingdocument:3:0}imbalance_Price.category': 'A04'}}, '{urn:iec62325.351:tc57wg16:451-6:balancingdocument:3:0}mRID': 'ELX-EMFIP-IMBP-TS-2', '{urn:iec62325.351:tc57wg16:451-6:balancingdocument:3:0}currency_Unit.name': 'GBP', '{urn:iec62325.351:tc57wg16:451-6:balancingdocument:3:0}curveType': 'A01', '{urn:iec62325.351:tc57wg16:451-6:balancingdocument:3:0}businessType': 'A19'}, '{urn:iec62325.351:tc57wg16:451-6:balancingdocument:3:0}period.timeInterval': {'{urn:iec62325.351:tc57wg16:451-6:balancingdocument:3:0}start': '2016-08-16T07:00Z', '{urn:iec62325.351:tc57wg16:451-6:balancingdocument:3:0}end': '2016-08-16T07:30Z'}, '{urn:iec62325.351:tc57wg16:451-6:balancingdocument:3:0}sender_MarketParticipant.marketRole.type': 'A39', '{urn:iec62325.351:tc57wg16:451-6:balancingdocument:3:0}controlArea_Domain.mRID': {'codingScheme': 'A01'}, '{urn:iec62325.351:tc57wg16:451-6:balancingdocument:3:0}receiver_MarketParticipant.mRID': {'codingScheme': 'A01'}, '{urn:iec62325.351:tc57wg16:451-6:balancingdocument:3:0}docStatus': {'{urn:iec62325.351:tc57wg16:451-6:balancingdocument:3:0}value': 'A02'}, '{urn:iec62325.351:tc57wg16:451-6:balancingdocument:3:0}revisionNumber': '1'}[0m
[1;32m2016-08-16 20:48:47.096 ./erova_loader.py INFO     Archiving /data/REMIT/transmit/20160816_075056.xml[0m
[1;32m2016-08-16 20:48:47.297 ./erova_loader.py INFO     20160816_075156.xml[0m
[1;32m2016-08-16 20:48:47.298 ./erova_loader.py INFO     {'msg': {'row': {'TS': '2016-08-16 07:51:45:GMT', 'SF': '49.954'}, 'subject': 'BMRA.SYSTEM.FREQ'}, 'flow': 'FREQ', 'pubTs': '2016-08-16 07:52:10:GMT'}[0m
[1;32m2016-08-16 20:48:47.298 ./erova_loader.py INFO     Loading flow message[0m
[1;32m2016-08-16 20:48:47.298 ./erova_loader.py INFO     insert ignore into frequency values ( " 2016-08-16 07:51:45 " , 49.954000 ) [0m
[1;32m2016-08-16 20:48:47.304 ./erova_loader.py INFO     Archiving /data/REMIT/transmit/20160816_075156.xml[0m
[1;32m2016-08-16 20:48:47.505 ./erova_loader.py INFO     20160816_075235.xml[0m
[1;32m2016-08-16 20:48:47.660 ./erova_loader.py INFO     {'{urn:iec62325.351:tc57wg16:451-6:outagedocument:3:0}type': 'A80', '{urn:iec62325.351:tc57wg16:451-6:outagedocument:3:0}createdDateTime': '2016-08-16T07:45:00Z', '{urn:iec62325.351:tc57wg16:451-6:outagedocument:3:0}sender_MarketParticipant.mRID': {'codingScheme': 'A01'}, '{urn:iec62325.351:tc57wg16:451-6:outagedocument:3:0}sender_MarketParticipant.marketRole.type': 'A39', '{urn:iec62325.351:tc57wg16:451-6:outagedocument:3:0}revisionNumber': '5', '{urn:iec62325.351:tc57wg16:451-6:outagedocument:3:0}Reason': {'{urn:iec62325.351:tc57wg16:451-6:outagedocument:3:0}code': 'B19'}, '{urn:iec62325.351:tc57wg16:451-6:outagedocument:3:0}mRID': '48X0000000000149-NGET-PUGU-00000082', '{urn:iec62325.351:tc57wg16:451-6:outagedocument:3:0}unavailability_Time_Period.timeInterval': {'{urn:iec62325.351:tc57wg16:451-6:outagedocument:3:0}start': '2016-06-30T22:00Z', '{urn:iec62325.351:tc57wg16:451-6:outagedocument:3:0}end': '2016-08-24T22:00Z'}, '{urn:iec62325.351:tc57wg16:451-6:outagedocument:3:0}receiver_MarketParticipant.mRID': {'codingScheme': 'A01'}, '{urn:iec62325.351:tc57wg16:451-6:outagedocument:3:0}process.processType': 'A26', '{urn:iec62325.351:tc57wg16:451-6:outagedocument:3:0}receiver_MarketParticipant.marketRole.type': 'A32', '{urn:iec62325.351:tc57wg16:451-6:outagedocument:3:0}TimeSeries': {'{urn:iec62325.351:tc57wg16:451-6:outagedocument:3:0}end_DateAndOrTime.time': '22:00:00Z', '{urn:iec62325.351:tc57wg16:451-6:outagedocument:3:0}curveType': 'A01', '{urn:iec62325.351:tc57wg16:451-6:outagedocument:3:0}Available_Period': {'{urn:iec62325.351:tc57wg16:451-6:outagedocument:3:0}Point': {'{urn:iec62325.351:tc57wg16:451-6:outagedocument:3:0}quantity': '0', '{urn:iec62325.351:tc57wg16:451-6:outagedocument:3:0}position': '2640'}, '{urn:iec62325.351:tc57wg16:451-6:outagedocument:3:0}timeInterval': {'{urn:iec62325.351:tc57wg16:451-6:outagedocument:3:0}start': '2016-06-30T22:00Z', '{urn:iec62325.351:tc57wg16:451-6:outagedocument:3:0}end': '2016-08-24T22:00Z'}, '{urn:iec62325.351:tc57wg16:451-6:outagedocument:3:0}resolution': 'PT30M'}, '{urn:iec62325.351:tc57wg16:451-6:outagedocument:3:0}biddingZone_Domain.mRID': {'codingScheme': 'A01'}, '{urn:iec62325.351:tc57wg16:451-6:outagedocument:3:0}mRID': 'MP-NGET-PUGU-TS-00000001', '{urn:iec62325.351:tc57wg16:451-6:outagedocument:3:0}production_RegisteredResource.pSRType.powerSystemResources.mRID': {'codingScheme': 'A01'}, '{urn:iec62325.351:tc57wg16:451-6:outagedocument:3:0}businessType': 'A53', '{urn:iec62325.351:tc57wg16:451-6:outagedocument:3:0}start_DateAndOrTime.date': '2016-06-30', '{urn:iec62325.351:tc57wg16:451-6:outagedocument:3:0}start_DateAndOrTime.time': '22:00:00Z', '{urn:iec62325.351:tc57wg16:451-6:outagedocument:3:0}production_RegisteredResource.mRID': {'codingScheme': 'A01'}, '{urn:iec62325.351:tc57wg16:451-6:outagedocument:3:0}quantity_Measure_Unit.name': 'MAW', '{urn:iec62325.351:tc57wg16:451-6:outagedocument:3:0}end_DateAndOrTime.date': '2016-08-24'}}[0m
[1;32m2016-08-16 20:48:47.661 ./erova_loader.py INFO     Archiving /data/REMIT/transmit/20160816_075235.xml[0m
[1;32m2016-08-16 20:48:47.862 ./erova_loader.py INFO     20160816_075249.xml[0m
[1;32m2016-08-16 20:48:47.868 ./erova_loader.py INFO     {'{urn:iec62325.351:tc57wg16:451-6:outagedocument:3:0}type': 'A80', '{urn:iec62325.351:tc57wg16:451-6:outagedocument:3:0}createdDateTime': '2016-08-16T07:45:00Z', '{urn:iec62325.351:tc57wg16:451-6:outagedocument:3:0}sender_MarketParticipant.mRID': {'codingScheme': 'A01'}, '{urn:iec62325.351:tc57wg16:451-6:outagedocument:3:0}sender_MarketParticipant.marketRole.type': 'A39', '{urn:iec62325.351:tc57wg16:451-6:outagedocument:3:0}revisionNumber': '3', '{urn:iec62325.351:tc57wg16:451-6:outagedocument:3:0}Reason': {'{urn:iec62325.351:tc57wg16:451-6:outagedocument:3:0}code': 'B19'}, '{urn:iec62325.351:tc57wg16:451-6:outagedocument:3:0}mRID': '48X0000000000149-NGET-PUGU-00000188', '{urn:iec62325.351:tc57wg16:451-6:outagedocument:3:0}unavailability_Time_Period.timeInterval': {'{urn:iec62325.351:tc57wg16:451-6:outagedocument:3:0}start': '2016-08-24T22:00Z', '{urn:iec62325.351:tc57wg16:451-6:outagedocument:3:0}end': '2016-08-26T22:00Z'}, '{urn:iec62325.351:tc57wg16:451-6:outagedocument:3:0}receiver_MarketParticipant.mRID': {'codingScheme': 'A01'}, '{urn:iec62325.351:tc57wg16:451-6:outagedocument:3:0}process.processType': 'A26', '{urn:iec62325.351:tc57wg16:451-6:outagedocument:3:0}receiver_MarketParticipant.marketRole.type': 'A32', '{urn:iec62325.351:tc57wg16:451-6:outagedocument:3:0}TimeSeries': {'{urn:iec62325.351:tc57wg16:451-6:outagedocument:3:0}end_DateAndOrTime.time': '22:00:00Z', '{urn:iec62325.351:tc57wg16:451-6:outagedocument:3:0}curveType': 'A01', '{urn:iec62325.351:tc57wg16:451-6:outagedocument:3:0}Available_Period': {'{urn:iec62325.351:tc57wg16:451-6:outagedocument:3:0}Point': {'{urn:iec62325.351:tc57wg16:451-6:outagedocument:3:0}quantity': '59', '{urn:iec62325.351:tc57wg16:451-6:outagedocument:3:0}position': '96'}, '{urn:iec62325.351:tc57wg16:451-6:outagedocument:3:0}timeInterval': {'{urn:iec62325.351:tc57wg16:451-6:outagedocument:3:0}start': '2016-08-24T22:00Z', '{urn:iec62325.351:tc57wg16:451-6:outagedocument:3:0}end': '2016-08-26T22:00Z'}, '{urn:iec62325.351:tc57wg16:451-6:outagedocument:3:0}resolution': 'PT30M'}, '{urn:iec62325.351:tc57wg16:451-6:outagedocument:3:0}biddingZone_Domain.mRID': {'codingScheme': 'A01'}, '{urn:iec62325.351:tc57wg16:451-6:outagedocument:3:0}mRID': 'MP-NGET-PUGU-TS-00000001', '{urn:iec62325.351:tc57wg16:451-6:outagedocument:3:0}production_RegisteredResource.pSRType.powerSystemResources.mRID': {'codingScheme': 'A01'}, '{urn:iec62325.351:tc57wg16:451-6:outagedocument:3:0}businessType': 'A53', '{urn:iec62325.351:tc57wg16:451-6:outagedocument:3:0}start_DateAndOrTime.date': '2016-08-24', '{urn:iec62325.351:tc57wg16:451-6:outagedocument:3:0}start_DateAndOrTime.time': '22:00:00Z', '{urn:iec62325.351:tc57wg16:451-6:outagedocument:3:0}production_RegisteredResource.mRID': {'codingScheme': 'A01'}, '{urn:iec62325.351:tc57wg16:451-6:outagedocument:3:0}quantity_Measure_Unit.name': 'MAW', '{urn:iec62325.351:tc57wg16:451-6:outagedocument:3:0}end_DateAndOrTime.date': '2016-08-26'}}[0m
[1;32m2016-08-16 20:48:47.868 ./erova_loader.py INFO     Archiving /data/REMIT/transmit/20160816_075249.xml[0m
[1;32m2016-08-16 20:48:48.069 ./erova_loader.py INFO     20160816_075258.xml[0m
[1;32m2016-08-16 20:48:48.074 ./erova_loader.py INFO     {'{urn:iec62325.351:tc57wg16:451-6:outagedocument:3:0}type': 'A80', '{urn:iec62325.351:tc57wg16:451-6:outagedocument:3:0}createdDateTime': '2016-08-16T07:47:00Z', '{urn:iec62325.351:tc57wg16:451-6:outagedocument:3:0}docStatus': {'{urn:iec62325.351:tc57wg16:451-6:outagedocument:3:0}value': 'A09'}, '{urn:iec62325.351:tc57wg16:451-6:outagedocument:3:0}sender_MarketParticipant.mRID': {'codingScheme': 'A01'}, '{urn:iec62325.351:tc57wg16:451-6:outagedocument:3:0}sender_MarketParticipant.marketRole.type': 'A39', '{urn:iec62325.351:tc57wg16:451-6:outagedocument:3:0}revisionNumber': '4', '{urn:iec62325.351:tc57wg16:451-6:outagedocument:3:0}Reason': {'{urn:iec62325.351:tc57wg16:451-6:outagedocument:3:0}code': 'B19'}, '{urn:iec62325.351:tc57wg16:451-6:outagedocument:3:0}mRID': '48X0000000000149-NGET-PUGU-00000188', '{urn:iec62325.351:tc57wg16:451-6:outagedocument:3:0}unavailability_Time_Period.timeInterval': {'{urn:iec62325.351:tc57wg16:451-6:outagedocument:3:0}start': '2016-08-24T22:00Z', '{urn:iec62325.351:tc57wg16:451-6:outagedocument:3:0}end': '2016-08-26T22:00Z'}, '{urn:iec62325.351:tc57wg16:451-6:outagedocument:3:0}receiver_MarketParticipant.mRID': {'codingScheme': 'A01'}, '{urn:iec62325.351:tc57wg16:451-6:outagedocument:3:0}process.processType': 'A26', '{urn:iec62325.351:tc57wg16:451-6:outagedocument:3:0}receiver_MarketParticipant.marketRole.type': 'A32', '{urn:iec62325.351:tc57wg16:451-6:outagedocument:3:0}TimeSeries': {'{urn:iec62325.351:tc57wg16:451-6:outagedocument:3:0}end_DateAndOrTime.time': '22:00:00Z', '{urn:iec62325.351:tc57wg16:451-6:outagedocument:3:0}curveType': 'A01', '{urn:iec62325.351:tc57wg16:451-6:outagedocument:3:0}Available_Period': {'{urn:iec62325.351:tc57wg16:451-6:outagedocument:3:0}Point': {'{urn:iec62325.351:tc57wg16:451-6:outagedocument:3:0}quantity': '59', '{urn:iec62325.351:tc57wg16:451-6:outagedocument:3:0}position': '96'}, '{urn:iec62325.351:tc57wg16:451-6:outagedocument:3:0}timeInterval': {'{urn:iec62325.351:tc57wg16:451-6:outagedocument:3:0}start': '2016-08-24T22:00Z', '{urn:iec62325.351:tc57wg16:451-6:outagedocument:3:0}end': '2016-08-26T22:00Z'}, '{urn:iec62325.351:tc57wg16:451-6:outagedocument:3:0}resolution': 'PT30M'}, '{urn:iec62325.351:tc57wg16:451-6:outagedocument:3:0}biddingZone_Domain.mRID': {'codingScheme': 'A01'}, '{urn:iec62325.351:tc57wg16:451-6:outagedocument:3:0}mRID': 'MP-NGET-PUGU-TS-00000001', '{urn:iec62325.351:tc57wg16:451-6:outagedocument:3:0}production_RegisteredResource.pSRType.powerSystemResources.mRID': {'codingScheme': 'A01'}, '{urn:iec62325.351:tc57wg16:451-6:outagedocument:3:0}businessType': 'A53', '{urn:iec62325.351:tc57wg16:451-6:outagedocument:3:0}start_DateAndOrTime.date': '2016-08-24', '{urn:iec62325.351:tc57wg16:451-6:outagedocument:3:0}start_DateAndOrTime.time': '22:00:00Z', '{urn:iec62325.351:tc57wg16:451-6:outagedocument:3:0}production_RegisteredResource.mRID': {'codingScheme': 'A01'}, '{urn:iec62325.351:tc57wg16:451-6:outagedocument:3:0}quantity_Measure_Unit.name': 'MAW', '{urn:iec62325.351:tc57wg16:451-6:outagedocument:3:0}end_DateAndOrTime.date': '2016-08-26'}}[0m
[1;32m2016-08-16 20:48:48.074 ./erova_loader.py INFO     Archiving /data/REMIT/transmit/20160816_075258.xml[0m
[1;32m2016-08-16 20:48:48.276 ./erova_loader.py INFO     20160816_075308.xml[0m
[1;32m2016-08-16 20:48:48.282 ./erova_loader.py INFO     {'{urn:iec62325.351:tc57wg16:451-6:outagedocument:3:0}type': 'A80', '{urn:iec62325.351:tc57wg16:451-6:outagedocument:3:0}createdDateTime': '2016-08-16T07:47:00Z', '{urn:iec62325.351:tc57wg16:451-6:outagedocument:3:0}sender_MarketParticipant.mRID': {'codingScheme': 'A01'}, '{urn:iec62325.351:tc57wg16:451-6:outagedocument:3:0}sender_MarketParticipant.marketRole.type': 'A39', '{urn:iec62325.351:tc57wg16:451-6:outagedocument:3:0}revisionNumber': '1', '{urn:iec62325.351:tc57wg16:451-6:outagedocument:3:0}Reason': {'{urn:iec62325.351:tc57wg16:451-6:outagedocument:3:0}code': 'B19'}, '{urn:iec62325.351:tc57wg16:451-6:outagedocument:3:0}mRID': '48X0000000000149-NGET-PUGU-00000205', '{urn:iec62325.351:tc57wg16:451-6:outagedocument:3:0}unavailability_Time_Period.timeInterval': {'{urn:iec62325.351:tc57wg16:451-6:outagedocument:3:0}start': '2016-08-24T22:00Z', '{urn:iec62325.351:tc57wg16:451-6:outagedocument:3:0}end': '2016-08-26T22:00Z'}, '{urn:iec62325.351:tc57wg16:451-6:outagedocument:3:0}receiver_MarketParticipant.mRID': {'codingScheme': 'A01'}, '{urn:iec62325.351:tc57wg16:451-6:outagedocument:3:0}process.processType': 'A26', '{urn:iec62325.351:tc57wg16:451-6:outagedocument:3:0}receiver_MarketParticipant.marketRole.type': 'A32', '{urn:iec62325.351:tc57wg16:451-6:outagedocument:3:0}TimeSeries': {'{urn:iec62325.351:tc57wg16:451-6:outagedocument:3:0}end_DateAndOrTime.time': '22:00:00Z', '{urn:iec62325.351:tc57wg16:451-6:outagedocument:3:0}curveType': 'A01', '{urn:iec62325.351:tc57wg16:451-6:outagedocument:3:0}Available_Period': {'{urn:iec62325.351:tc57wg16:451-6:outagedocument:3:0}Point': {'{urn:iec62325.351:tc57wg16:451-6:outagedocument:3:0}quantity': '59', '{urn:iec62325.351:tc57wg16:451-6:outagedocument:3:0}position': '95'}, '{urn:iec62325.351:tc57wg16:451-6:outagedocument:3:0}timeInterval': {'{urn:iec62325.351:tc57wg16:451-6:outagedocument:3:0}start': '2016-08-24T22:30Z', '{urn:iec62325.351:tc57wg16:451-6:outagedocument:3:0}end': '2016-08-26T22:00Z'}, '{urn:iec62325.351:tc57wg16:451-6:outagedocument:3:0}resolution': 'PT30M'}, '{urn:iec62325.351:tc57wg16:451-6:outagedocument:3:0}biddingZone_Domain.mRID': {'codingScheme': 'A01'}, '{urn:iec62325.351:tc57wg16:451-6:outagedocument:3:0}mRID': 'MP-NGET-PUGU-TS-00000002', '{urn:iec62325.351:tc57wg16:451-6:outagedocument:3:0}production_RegisteredResource.pSRType.powerSystemResources.mRID': {'codingScheme': 'A01'}, '{urn:iec62325.351:tc57wg16:451-6:outagedocument:3:0}businessType': 'A53', '{urn:iec62325.351:tc57wg16:451-6:outagedocument:3:0}start_DateAndOrTime.date': '2016-08-24', '{urn:iec62325.351:tc57wg16:451-6:outagedocument:3:0}start_DateAndOrTime.time': '22:30:00Z', '{urn:iec62325.351:tc57wg16:451-6:outagedocument:3:0}production_RegisteredResource.mRID': {'codingScheme': 'A01'}, '{urn:iec62325.351:tc57wg16:451-6:outagedocument:3:0}quantity_Measure_Unit.name': 'MAW', '{urn:iec62325.351:tc57wg16:451-6:outagedocument:3:0}end_DateAndOrTime.date': '2016-08-26'}}[0m
[1;32m2016-08-16 20:48:48.282 ./erova_loader.py INFO     Archiving /data/REMIT/transmit/20160816_075308.xml[0m
[1;32m2016-08-16 20:48:48.483 ./erova_loader.py INFO     20160816_075318.xml[0m
[1;32m2016-08-16 20:48:48.490 ./erova_loader.py INFO     {'{urn:iec62325.351:tc57wg16:451-6:outagedocument:3:0}type': 'A80', '{urn:iec62325.351:tc57wg16:451-6:outagedocument:3:0}createdDateTime': '2016-08-16T07:48:00Z', '{urn:iec62325.351:tc57wg16:451-6:outagedocument:3:0}docStatus': {'{urn:iec62325.351:tc57wg16:451-6:outagedocument:3:0}value': 'A09'}, '{urn:iec62325.351:tc57wg16:451-6:outagedocument:3:0}sender_MarketParticipant.mRID': {'codingScheme': 'A01'}, '{urn:iec62325.351:tc57wg16:451-6:outagedocument:3:0}sender_MarketParticipant.marketRole.type': 'A39', '{urn:iec62325.351:tc57wg16:451-6:outagedocument:3:0}revisionNumber': '2', '{urn:iec62325.351:tc57wg16:451-6:outagedocument:3:0}Reason': {'{urn:iec62325.351:tc57wg16:451-6:outagedocument:3:0}code': 'B19'}, '{urn:iec62325.351:tc57wg16:451-6:outagedocument:3:0}mRID': '48X0000000000149-NGET-PUGU-00000205', '{urn:iec62325.351:tc57wg16:451-6:outagedocument:3:0}unavailability_Time_Period.timeInterval': {'{urn:iec62325.351:tc57wg16:451-6:outagedocument:3:0}start': '2016-08-24T22:00Z', '{urn:iec62325.351:tc57wg16:451-6:outagedocument:3:0}end': '2016-08-26T22:00Z'}, '{urn:iec62325.351:tc57wg16:451-6:outagedocument:3:0}receiver_MarketParticipant.mRID': {'codingScheme': 'A01'}, '{urn:iec62325.351:tc57wg16:451-6:outagedocument:3:0}process.processType': 'A26', '{urn:iec62325.351:tc57wg16:451-6:outagedocument:3:0}receiver_MarketParticipant.marketRole.type': 'A32', '{urn:iec62325.351:tc57wg16:451-6:outagedocument:3:0}TimeSeries': {'{urn:iec62325.351:tc57wg16:451-6:outagedocument:3:0}end_DateAndOrTime.time': '22:00:00Z', '{urn:iec62325.351:tc57wg16:451-6:outagedocument:3:0}curveType': 'A01', '{urn:iec62325.351:tc57wg16:451-6:outagedocument:3:0}Available_Period': {'{urn:iec62325.351:tc57wg16:451-6:outagedocument:3:0}Point': {'{urn:iec62325.351:tc57wg16:451-6:outagedocument:3:0}quantity': '59', '{urn:iec62325.351:tc57wg16:451-6:outagedocument:3:0}position': '95'}, '{urn:iec62325.351:tc57wg16:451-6:outagedocument:3:0}timeInterval': {'{urn:iec62325.351:tc57wg16:451-6:outagedocument:3:0}start': '2016-08-24T22:30Z', '{urn:iec62325.351:tc57wg16:451-6:outagedocument:3:0}end': '2016-08-26T22:00Z'}, '{urn:iec62325.351:tc57wg16:451-6:outagedocument:3:0}resolution': 'PT30M'}, '{urn:iec62325.351:tc57wg16:451-6:outagedocument:3:0}biddingZone_Domain.mRID': {'codingScheme': 'A01'}, '{urn:iec62325.351:tc57wg16:451-6:outagedocument:3:0}mRID': 'MP-NGET-PUGU-TS-00000002', '{urn:iec62325.351:tc57wg16:451-6:outagedocument:3:0}production_RegisteredResource.pSRType.powerSystemResources.mRID': {'codingScheme': 'A01'}, '{urn:iec62325.351:tc57wg16:451-6:outagedocument:3:0}businessType': 'A53', '{urn:iec62325.351:tc57wg16:451-6:outagedocument:3:0}start_DateAndOrTime.date': '2016-08-24', '{urn:iec62325.351:tc57wg16:451-6:outagedocument:3:0}start_DateAndOrTime.time': '22:30:00Z', '{urn:iec62325.351:tc57wg16:451-6:outagedocument:3:0}production_RegisteredResource.mRID': {'codingScheme': 'A01'}, '{urn:iec62325.351:tc57wg16:451-6:outagedocument:3:0}quantity_Measure_Unit.name': 'MAW', '{urn:iec62325.351:tc57wg16:451-6:outagedocument:3:0}end_DateAndOrTime.date': '2016-08-26'}}[0m
[1;32m2016-08-16 20:48:48.490 ./erova_loader.py INFO     Archiving /data/REMIT/transmit/20160816_075318.xml[0m
[1;32m2016-08-16 20:48:48.691 ./erova_loader.py INFO     20160816_075328.xml[0m
[1;32m2016-08-16 20:48:48.696 ./erova_loader.py INFO     {'{urn:iec62325.351:tc57wg16:451-6:outagedocument:3:0}type': 'A80', '{urn:iec62325.351:tc57wg16:451-6:outagedocument:3:0}createdDateTime': '2016-08-16T07:48:00Z', '{urn:iec62325.351:tc57wg16:451-6:outagedocument:3:0}sender_MarketParticipant.mRID': {'codingScheme': 'A01'}, '{urn:iec62325.351:tc57wg16:451-6:outagedocument:3:0}sender_MarketParticipant.marketRole.type': 'A39', '{urn:iec62325.351:tc57wg16:451-6:outagedocument:3:0}revisionNumber': '1', '{urn:iec62325.351:tc57wg16:451-6:outagedocument:3:0}Reason': {'{urn:iec62325.351:tc57wg16:451-6:outagedocument:3:0}code': 'B19'}, '{urn:iec62325.351:tc57wg16:451-6:outagedocument:3:0}mRID': '48X0000000000149-NGET-PUGU-00000206', '{urn:iec62325.351:tc57wg16:451-6:outagedocument:3:0}unavailability_Time_Period.timeInterval': {'{urn:iec62325.351:tc57wg16:451-6:outagedocument:3:0}start': '2016-08-24T22:30Z', '{urn:iec62325.351:tc57wg16:451-6:outagedocument:3:0}end': '2016-08-26T22:00Z'}, '{urn:iec62325.351:tc57wg16:451-6:outagedocument:3:0}receiver_MarketParticipant.mRID': {'codingScheme': 'A01'}, '{urn:iec62325.351:tc57wg16:451-6:outagedocument:3:0}process.processType': 'A26', '{urn:iec62325.351:tc57wg16:451-6:outagedocument:3:0}receiver_MarketParticipant.marketRole.type': 'A32', '{urn:iec62325.351:tc57wg16:451-6:outagedocument:3:0}TimeSeries': {'{urn:iec62325.351:tc57wg16:451-6:outagedocument:3:0}end_DateAndOrTime.time': '22:00:00Z', '{urn:iec62325.351:tc57wg16:451-6:outagedocument:3:0}curveType': 'A01', '{urn:iec62325.351:tc57wg16:451-6:outagedocument:3:0}Available_Period': {'{urn:iec62325.351:tc57wg16:451-6:outagedocument:3:0}Point': {'{urn:iec62325.351:tc57wg16:451-6:outagedocument:3:0}quantity': '59', '{urn:iec62325.351:tc57wg16:451-6:outagedocument:3:0}position': '95'}, '{urn:iec62325.351:tc57wg16:451-6:outagedocument:3:0}timeInterval': {'{urn:iec62325.351:tc57wg16:451-6:outagedocument:3:0}start': '2016-08-24T22:30Z', '{urn:iec62325.351:tc57wg16:451-6:outagedocument:3:0}end': '2016-08-26T22:00Z'}, '{urn:iec62325.351:tc57wg16:451-6:outagedocument:3:0}resolution': 'PT30M'}, '{urn:iec62325.351:tc57wg16:451-6:outagedocument:3:0}biddingZone_Domain.mRID': {'codingScheme': 'A01'}, '{urn:iec62325.351:tc57wg16:451-6:outagedocument:3:0}mRID': 'MP-NGET-PUGU-TS-00000001', '{urn:iec62325.351:tc57wg16:451-6:outagedocument:3:0}production_RegisteredResource.pSRType.powerSystemResources.mRID': {'codingScheme': 'A01'}, '{urn:iec62325.351:tc57wg16:451-6:outagedocument:3:0}businessType': 'A53', '{urn:iec62325.351:tc57wg16:451-6:outagedocument:3:0}start_DateAndOrTime.date': '2016-08-24', '{urn:iec62325.351:tc57wg16:451-6:outagedocument:3:0}start_DateAndOrTime.time': '22:30:00Z', '{urn:iec62325.351:tc57wg16:451-6:outagedocument:3:0}production_RegisteredResource.mRID': {'codingScheme': 'A01'}, '{urn:iec62325.351:tc57wg16:451-6:outagedocument:3:0}quantity_Measure_Unit.name': 'MAW', '{urn:iec62325.351:tc57wg16:451-6:outagedocument:3:0}end_DateAndOrTime.date': '2016-08-26'}}[0m
[1;32m2016-08-16 20:48:48.696 ./erova_loader.py INFO     Archiving /data/REMIT/transmit/20160816_075328.xml[0m
[1;32m2016-08-16 20:48:48.897 ./erova_loader.py INFO     20160816_075357.xml[0m
[1;32m2016-08-16 20:48:48.898 ./erova_loader.py INFO     {'msg': {'row': {'TS': '2016-08-16 07:53:45:GMT', 'SF': '49.942'}, 'subject': 'BMRA.SYSTEM.FREQ'}, 'flow': 'FREQ', 'pubTs': '2016-08-16 07:54:11:GMT'}[0m
[1;32m2016-08-16 20:48:48.898 ./erova_loader.py INFO     Loading flow message[0m
[1;32m2016-08-16 20:48:48.898 ./erova_loader.py INFO     insert ignore into frequency values ( " 2016-08-16 07:53:45 " , 49.942000 ) [0m
[1;32m2016-08-16 20:48:48.903 ./erova_loader.py INFO     Archiving /data/REMIT/transmit/20160816_075357.xml[0m
[1;32m2016-08-16 20:48:49.104 ./erova_loader.py INFO     20160816_075508.xml[0m
[1;32m2016-08-16 20:48:49.106 ./erova_loader.py INFO     {'msg': {'row': {'FG': '696', 'SP': '18', 'FT': 'WIND', 'TS': '2016-08-16 07:50:00:GMT', 'SD': '2016-08-16 00:00:00:GMT'}, 'TP': '2016-08-16 07:55:00:GMT', 'subject': 'BMRA.SYSTEM.FUELINST'}, 'flow': 'FUELINST', 'pubTs': '2016-08-16 07:55:22:GMT'}[0m
[1;32m2016-08-16 20:48:49.106 ./erova_loader.py INFO     Archiving /data/REMIT/transmit/20160816_075508.xml[0m
