HUNB-8 [508.0, 508.0, 508.0, 508.0, 508.0, 508.0, 508.0, 508.0, 508.0, 508.0, 508.0, 508.0, 508.0]
DRAXX-1 [625.0, 625.0, 625.0, 625.0, 625.0, 645.0, 645.0, 645.0, 645.0, 645.0, 645.0, 645.0, 645.0]
HEYM28 [660.0, 660.0, 660.0, 660.0, 660.0, 660.0, 660.0, 660.0, 660.0, 660.0, 660.0, 660.0, 660.0]
T_DIDCB5 [0.0, 0.0, 0.0, 0.0, 0.0, 0.0, 0.0, 0.0, 0.0, 0.0, 0.0, 0.0, 0.0]
T_ABTH8 [0.0, 0.0, 0.0, 0.0, 0.0, 0.0, 0.0, 0.0, 0.0, 0.0, 0.0, 0.0, 0.0]
T_STAY-4 [0.0, 0.0, 0.0, 457.0, 457.0, 457.0, 457.0, 457.0, 457.0, 457.0, 457.0, 457.0, 457.0]
T_STAY-3 [457.0, 457.0, 457.0, 457.0, 457.0, 457.0, 457.0, 457.0, 457.0, 457.0, 457.0, 457.0, 457.0]
T_GRAI-6 [455.0, 455.0, 455.0, 455.0, 455.0, 455.0, 455.0, 455.0, 455.0, 455.0, 455.0, 455.0, 455.0]
T_GRAI-7 [455.0, 455.0, 455.0, 455.0, 455.0, 455.0, 455.0, 455.0, 455.0, 455.0, 455.0, 455.0, 455.0]
T_GRAI-8 [455.0, 455.0, 455.0, 455.0, 455.0, 455.0, 455.0, 455.0, 455.0, 455.0, 455.0, 455.0, 455.0]
T_PEMB-31 [0.0, 0.0, 465.0, 465.0, 465.0, 465.0, 465.0, 465.0, 465.0, 465.0, 465.0, 465.0, 465.0]
WBURB-2 [390.0, 390.0, 390.0, 390.0, 390.0, 390.0, 390.0, 390.0, 390.0, 390.0, 390.0, 390.0, 390.0]
DNGB21 [550.0, 550.0, 550.0, 550.0, 550.0, 550.0, 550.0, 550.0, 550.0, 550.0, 550.0, 550.0, 550.0]
WBURB-3 [392.0, 392.0, 392.0, 392.0, 394.0, 394.0, 394.0, 394.0, 430.0, 430.0, 430.0, 430.0, 430.0]
HRTL-1 [620.0, 620.0, 620.0, 620.0, 620.0, 620.0, 620.0, 620.0, 620.0, 620.0, 620.0, 620.0, 620.0]
HEYM11 [492.0, 492.0, 492.0, 492.0, 492.0, 492.0, 492.0, 492.0, 492.0, 492.0, 492.0, 492.0, 492.0]
TORN-1 [640.0, 640.0, 640.0, 640.0, 640.0, 640.0, 640.0, 640.0, 640.0, 640.0, 640.0, 640.0, 640.0]
DRAXX-6 [645.0, 645.0, 645.0, 645.0, 645.0, 645.0, 645.0, 645.0, 645.0, 645.0, 645.0, 645.0, 645.0]
DRAXX-4 [645.0, 645.0, 645.0, 645.0, 645.0, 645.0, 645.0, 645.0, 645.0, 645.0, 645.0, 645.0, 645.0]
WBURB-1 [402.0, 402.0, 402.0, 392.0, 394.0, 394.0, 394.0, 394.0, 430.0, 430.0, 430.0, 430.0, 430.0]
DRAXX-5 [645.0, 645.0, 645.0, 645.0, 645.0, 645.0, 645.0, 645.0, 645.0, 645.0, 645.0, 645.0, 645.0]
T_STAY-2 [457.0, 457.0, 457.0, 457.0, 457.0, 457.0, 457.0, 457.0, 457.0, 457.0, 457.0, 457.0, 457.0]
T_ABTH7 [535.0, 535.0, 535.0, 535.0, 535.0, 535.0, 535.0, 535.0, 535.0, 535.0, 535.0, 535.0, 535.0]
T_PEMB-21 [0.0, 0.0, 0.0, 0.0, 0.0, 0.0, 0.0, 0.0, 0.0, 0.0, 0.0, 0.0, 0.0]
COTPS-1 [497.0, 497.0, 497.0, 497.0, 497.0, 497.0, 497.0, 497.0, 497.0, 497.0, 497.0, 497.0, 497.0]
HINB-7 [504.0, 504.0, 504.0, 504.0, 504.0, 504.0, 504.0, 504.0, 504.0, 504.0, 504.0, 504.0, 504.0]
COTPS-2 [500.0, 500.0, 500.0, 500.0, 500.0, 500.0, 500.0, 500.0, 500.0, 500.0, 500.0, 500.0, 500.0]
T_CNQPS-1 [375.0, 375.0, 375.0, 375.0, 375.0, 375.0, 375.0, 375.0, 375.0, 375.0, 375.0, 375.0, 375.0]
T_CNQPS-3 [375.0, 375.0, 375.0, 375.0, 375.0, 375.0, 375.0, 375.0, 375.0, 375.0, 375.0, 375.0, 375.0]
E_TAYL3G [0.0, 0.0, 0.0, 0.0, 0.0, 0.0, 0.0, 0.0, 0.0, 0.0, 0.0, 0.0, 0.0]
DRAXX-2 [300.0, 380.0, 380.0, 380.0, 380.0, 380.0, 645.0, 645.0, 645.0, 645.0, 645.0, 645.0, 645.0]
WBUPS-1 [480.0, 480.0, 480.0, 480.0, 480.0, 480.0, 480.0, 480.0, 480.0, 480.0, 480.0, 480.0, 480.0]
WBUPS-2 [492.0, 492.0, 492.0, 492.0, 492.0, 492.0, 492.0, 492.0, 492.0, 492.0, 492.0, 492.0, 492.0]
DRAXX-3 [0.0, 0.0, 0.0, 0.0, 0.0, 0.0, 0.0, 0.0, 0.0, 0.0, 0.0, 0.0, 0.0]
HUNB-7 [420.0, 399.0, 407.0, 414.0, 420.0, 420.0, 420.0, 426.0, 448.0, 0.0, 0.0, 0.0, 0.0]
T_CNQPS-4 [375.0, 375.0, 375.0, 375.0, 375.0, 375.0, 375.0, 375.0, 375.0, 375.0, 375.0, 375.0, 375.0]
T_PEMB-51 [465.0, 465.0, 465.0, 465.0, 465.0, 465.0, 465.0, 465.0, 465.0, 465.0, 465.0, 465.0, 465.0]
E_GYAR-1 [0.0, 0.0, 0.0, 0.0, 0.0, 0.0, 0.0, 0.0, 0.0, 0.0, 0.0, 0.0, 0.0]
DNGB22 [550.0, 550.0, 550.0, 550.0, 550.0, 550.0, 550.0, 550.0, 550.0, 550.0, 550.0, 550.0, 550.0]
HINB-8 [504.0, 504.0, 504.0, 504.0, 504.0, 504.0, 504.0, 504.0, 504.0, 504.0, 504.0, 504.0, 504.0]
SIZB-1 [630.0, 630.0, 630.0, 630.0, 630.0, 630.0, 630.0, 630.0, 630.0, 630.0, 630.0, 630.0, 630.0]
T_FARR-1 [0.0, 0.0, 0.0, 0.0, 0.0, 0.0, 0.0, 0.0, 0.0, 0.0, 0.0, 0.0, 0.0]
T_FARR-2 [0.0, 0.0, 0.0, 0.0, 0.0, 0.0, 0.0, 0.0, 0.0, 0.0, 0.0, 0.0, 0.0]
HRTL-2 [0.0, 0.0, 0.0, 0.0, 0.0, 0.0, 0.0, 0.0, 0.0, 0.0, 0.0, 0.0, 0.0]
T_LBAR-1 [350.0, 350.0, 350.0, 350.0, 350.0, 350.0, 350.0, 350.0, 350.0, 350.0, 350.0, 350.0, 350.0]
T_CNQPS-2 [375.0, 375.0, 375.0, 375.0, 375.0, 375.0, 375.0, 375.0, 375.0, 375.0, 375.0, 375.0, 375.0]
E_DIDC3G [25.0, 25.0, 25.0, 25.0, 25.0, 25.0, 25.0, 25.0, 25.0, 25.0, 25.0, 25.0, 25.0]
E_DIDC4G [25.0, 25.0, 25.0, 25.0, 25.0, 25.0, 25.0, 25.0, 25.0, 25.0, 25.0, 25.0, 25.0]
T_DIDCB6 [0.0, 0.0, 0.0, 0.0, 0.0, 0.0, 0.0, 0.0, 0.0, 0.0, 0.0, 0.0, 0.0]
TORN-2 [640.0, 640.0, 640.0, 640.0, 640.0, 640.0, 640.0, 640.0, 640.0, 640.0, 640.0, 640.0, 640.0]
T_ABTH9 [535.0, 535.0, 535.0, 535.0, 535.0, 535.0, 535.0, 535.0, 535.0, 535.0, 535.0, 535.0, 535.0]
T_PEMB-41 [465.0, 465.0, 465.0, 465.0, 465.0, 465.0, 465.0, 465.0, 465.0, 465.0, 465.0, 465.0, 465.0]
T_STAY-1 [445.0, 445.0, 445.0, 445.0, 445.0, 445.0, 445.0, 445.0, 445.0, 445.0, 445.0, 445.0, 445.0]
